<?xml version="1.0" encoding="UTF-8"?>
<testsuite name="com.perficient.Lab.Information.System.LabInformationSystemApplicationTests" tests="1" skipped="0" failures="0" errors="0" timestamp="2022-08-18T14:08:09" hostname="PRFT-17529" time="0.178">
  <properties/>
  <testcase name="contextLoads()" classname="com.perficient.Lab.Information.System.LabInformationSystemApplicationTests" time="0.178"/>
  <system-out><![CDATA[09:08:04.419 [Test worker] DEBUG org.springframework.test.context.BootstrapUtils - Instantiating CacheAwareContextLoaderDelegate from class [org.springframework.test.context.cache.DefaultCacheAwareContextLoaderDelegate]
09:08:04.432 [Test worker] DEBUG org.springframework.test.context.BootstrapUtils - Instantiating BootstrapContext using constructor [public org.springframework.test.context.support.DefaultBootstrapContext(java.lang.Class,org.springframework.test.context.CacheAwareContextLoaderDelegate)]
09:08:04.461 [Test worker] DEBUG org.springframework.test.context.BootstrapUtils - Instantiating TestContextBootstrapper for test class [com.perficient.Lab.Information.System.LabInformationSystemApplicationTests] from class [org.springframework.boot.test.context.SpringBootTestContextBootstrapper]
09:08:04.472 [Test worker] INFO org.springframework.boot.test.context.SpringBootTestContextBootstrapper - Neither @ContextConfiguration nor @ContextHierarchy found for test class [com.perficient.Lab.Information.System.LabInformationSystemApplicationTests], using SpringBootContextLoader
09:08:04.476 [Test worker] DEBUG org.springframework.test.context.support.AbstractContextLoader - Did not detect default resource location for test class [com.perficient.Lab.Information.System.LabInformationSystemApplicationTests]: class path resource [com/perficient/Lab/Information/System/LabInformationSystemApplicationTests-context.xml] does not exist
09:08:04.477 [Test worker] DEBUG org.springframework.test.context.support.AbstractContextLoader - Did not detect default resource location for test class [com.perficient.Lab.Information.System.LabInformationSystemApplicationTests]: class path resource [com/perficient/Lab/Information/System/LabInformationSystemApplicationTestsContext.groovy] does not exist
09:08:04.477 [Test worker] INFO org.springframework.test.context.support.AbstractContextLoader - Could not detect default resource locations for test class [com.perficient.Lab.Information.System.LabInformationSystemApplicationTests]: no resource found for suffixes {-context.xml, Context.groovy}.
09:08:04.478 [Test worker] INFO org.springframework.test.context.support.AnnotationConfigContextLoaderUtils - Could not detect default configuration classes for test class [com.perficient.Lab.Information.System.LabInformationSystemApplicationTests]: LabInformationSystemApplicationTests does not declare any static, non-private, non-final, nested classes annotated with @Configuration.
09:08:04.518 [Test worker] DEBUG org.springframework.test.context.support.ActiveProfilesUtils - Could not find an 'annotation declaring class' for annotation type [org.springframework.test.context.ActiveProfiles] and class [com.perficient.Lab.Information.System.LabInformationSystemApplicationTests]
09:08:04.579 [Test worker] DEBUG org.springframework.context.annotation.ClassPathScanningCandidateComponentProvider - Identified candidate component class: file [C:\Projects\LIS\build\classes\java\main\com\perficient\Lab\Information\System\LabInformationSystemApplication.class]
09:08:04.581 [Test worker] INFO org.springframework.boot.test.context.SpringBootTestContextBootstrapper - Found @SpringBootConfiguration com.perficient.Lab.Information.System.LabInformationSystemApplication for test class com.perficient.Lab.Information.System.LabInformationSystemApplicationTests
09:08:04.673 [Test worker] DEBUG org.springframework.boot.test.context.SpringBootTestContextBootstrapper - @TestExecutionListeners is not present for class [com.perficient.Lab.Information.System.LabInformationSystemApplicationTests]: using defaults.
09:08:04.673 [Test worker] INFO org.springframework.boot.test.context.SpringBootTestContextBootstrapper - Loaded default TestExecutionListener class names from location [META-INF/spring.factories]: [org.springframework.security.test.context.support.WithSecurityContextTestExecutionListener, org.springframework.security.test.context.support.ReactorContextTestExecutionListener, org.springframework.boot.test.autoconfigure.restdocs.RestDocsTestExecutionListener, org.springframework.boot.test.autoconfigure.web.client.MockRestServiceServerResetTestExecutionListener, org.springframework.boot.test.autoconfigure.web.servlet.MockMvcPrintOnlyOnFailureTestExecutionListener, org.springframework.boot.test.autoconfigure.web.servlet.WebDriverTestExecutionListener, org.springframework.boot.test.autoconfigure.webservices.client.MockWebServiceServerTestExecutionListener, org.springframework.boot.test.mock.mockito.MockitoTestExecutionListener, org.springframework.boot.test.mock.mockito.ResetMocksTestExecutionListener, org.springframework.test.context.web.ServletTestExecutionListener, org.springframework.test.context.support.DirtiesContextBeforeModesTestExecutionListener, org.springframework.test.context.event.ApplicationEventsTestExecutionListener, org.springframework.test.context.support.DependencyInjectionTestExecutionListener, org.springframework.test.context.support.DirtiesContextTestExecutionListener, org.springframework.test.context.transaction.TransactionalTestExecutionListener, org.springframework.test.context.jdbc.SqlScriptsTestExecutionListener, org.springframework.test.context.event.EventPublishingTestExecutionListener]
09:08:04.692 [Test worker] INFO org.springframework.boot.test.context.SpringBootTestContextBootstrapper - Using TestExecutionListeners: [org.springframework.test.context.web.ServletTestExecutionListener@55795845, org.springframework.test.context.support.DirtiesContextBeforeModesTestExecutionListener@3d08f3f5, org.springframework.test.context.event.ApplicationEventsTestExecutionListener@119f1f2a, org.springframework.boot.test.mock.mockito.MockitoTestExecutionListener@1a1da881, org.springframework.boot.test.autoconfigure.SpringBootDependencyInjectionTestExecutionListener@5b970f7, org.springframework.test.context.support.DirtiesContextTestExecutionListener@7fd4acee, org.springframework.test.context.transaction.TransactionalTestExecutionListener@165b8a71, org.springframework.test.context.jdbc.SqlScriptsTestExecutionListener@6175619b, org.springframework.security.test.context.support.WithSecurityContextTestExecutionListener@2f058b8a, org.springframework.test.context.event.EventPublishingTestExecutionListener@756cf158, org.springframework.security.test.context.support.ReactorContextTestExecutionListener@3f2ef586, org.springframework.boot.test.autoconfigure.restdocs.RestDocsTestExecutionListener@751d3241, org.springframework.boot.test.autoconfigure.web.client.MockRestServiceServerResetTestExecutionListener@76c7beb3, org.springframework.boot.test.autoconfigure.web.servlet.MockMvcPrintOnlyOnFailureTestExecutionListener@64337702, org.springframework.boot.test.autoconfigure.web.servlet.WebDriverTestExecutionListener@2cf92cc7, org.springframework.boot.test.autoconfigure.webservices.client.MockWebServiceServerTestExecutionListener@30ea8c23, org.springframework.boot.test.mock.mockito.ResetMocksTestExecutionListener@7b139eab]
09:08:04.697 [Test worker] DEBUG org.springframework.test.context.support.AbstractDirtiesContextTestExecutionListener - Before test class: context [DefaultTestContext@4a9f80d3 testClass = LabInformationSystemApplicationTests, testInstance = [null], testMethod = [null], testException = [null], mergedContextConfiguration = [WebMergedContextConfiguration@35beb15e testClass = LabInformationSystemApplicationTests, locations = '{}', classes = '{class com.perficient.Lab.Information.System.LabInformationSystemApplication}', contextInitializerClasses = '[]', activeProfiles = '{}', propertySourceLocations = '{}', propertySourceProperties = '{org.springframework.boot.test.context.SpringBootTestContextBootstrapper=true}', contextCustomizers = set[org.springframework.boot.test.autoconfigure.actuate.metrics.MetricsExportContextCustomizerFactory$DisableMetricExportContextCustomizer@7ca20101, org.springframework.boot.test.autoconfigure.properties.PropertyMappingContextCustomizer@0, org.springframework.boot.test.autoconfigure.web.servlet.WebDriverContextCustomizerFactory$Customizer@4c51cf28, org.springframework.boot.test.context.filter.ExcludeFilterContextCustomizer@71c27ee8, org.springframework.boot.test.json.DuplicateJsonObjectContextCustomizerFactory$DuplicateJsonObjectContextCustomizer@1b835480, org.springframework.boot.test.mock.mockito.MockitoContextCustomizer@0, org.springframework.boot.test.web.client.TestRestTemplateContextCustomizer@31bcf236, org.springframework.boot.test.context.SpringBootTestArgs@1, org.springframework.boot.test.context.SpringBootTestWebEnvironment@101952da], resourceBasePath = 'src/main/webapp', contextLoader = 'org.springframework.boot.test.context.SpringBootContextLoader', parent = [null]], attributes = map['org.springframework.test.context.web.ServletTestExecutionListener.activateListener' -> true]], class annotated with @DirtiesContext [false] with mode [null].

  .   ____          _            __ _ _
 /\\ / ___'_ __ _ _(_)_ __  __ _ \ \ \ \
( ( )\___ | '_ | '_| | '_ \/ _` | \ \ \ \
 \\/  ___)| |_)| | | | | || (_| |  ) ) ) )
  '  |____| .__|_| |_|_| |_\__, | / / / /
 =========|_|==============|___/=/_/_/_/
 :: Spring Boot ::                (v2.7.1)

2022-08-18 09:08:04.988  INFO 21132 --- [    Test worker] I.S.LabInformationSystemApplicationTests : Starting LabInformationSystemApplicationTests using Java 17.0.3 on PRFT-17529 with PID 21132 (started by ahmad.qayyum in C:\Projects\LIS)
2022-08-18 09:08:04.989  INFO 21132 --- [    Test worker] I.S.LabInformationSystemApplicationTests : No active profile set, falling back to 1 default profile: "default"
2022-08-18 09:08:05.688  INFO 21132 --- [    Test worker] .s.d.r.c.RepositoryConfigurationDelegate : Bootstrapping Spring Data JPA repositories in DEFAULT mode.
2022-08-18 09:08:05.777  INFO 21132 --- [    Test worker] .s.d.r.c.RepositoryConfigurationDelegate : Finished Spring Data repository scanning in 80 ms. Found 7 JPA repository interfaces.
2022-08-18 09:08:06.320  INFO 21132 --- [    Test worker] com.zaxxer.hikari.HikariDataSource       : HikariPool-1 - Starting...
2022-08-18 09:08:06.522  INFO 21132 --- [    Test worker] com.zaxxer.hikari.HikariDataSource       : HikariPool-1 - Start completed.
2022-08-18 09:08:06.595  INFO 21132 --- [    Test worker] o.hibernate.jpa.internal.util.LogHelper  : HHH000204: Processing PersistenceUnitInfo [name: default]
2022-08-18 09:08:06.675  INFO 21132 --- [    Test worker] org.hibernate.Version                    : HHH000412: Hibernate ORM core version 5.6.9.Final
2022-08-18 09:08:06.892  INFO 21132 --- [    Test worker] o.hibernate.annotations.common.Version   : HCANN000001: Hibernate Commons Annotations {5.1.2.Final}
2022-08-18 09:08:06.931 DEBUG 21132 --- [    Test worker] org.hibernate.type.BasicTypeRegistry     : Adding type registration boolean -> org.hibernate.type.BooleanType@5cd8d029
2022-08-18 09:08:06.931 DEBUG 21132 --- [    Test worker] org.hibernate.type.BasicTypeRegistry     : Adding type registration boolean -> org.hibernate.type.BooleanType@5cd8d029
2022-08-18 09:08:06.931 DEBUG 21132 --- [    Test worker] org.hibernate.type.BasicTypeRegistry     : Adding type registration java.lang.Boolean -> org.hibernate.type.BooleanType@5cd8d029
2022-08-18 09:08:06.931 DEBUG 21132 --- [    Test worker] org.hibernate.type.BasicTypeRegistry     : Adding type registration numeric_boolean -> org.hibernate.type.NumericBooleanType@d108406
2022-08-18 09:08:06.932 DEBUG 21132 --- [    Test worker] org.hibernate.type.BasicTypeRegistry     : Adding type registration true_false -> org.hibernate.type.TrueFalseType@6a5dd083
2022-08-18 09:08:06.932 DEBUG 21132 --- [    Test worker] org.hibernate.type.BasicTypeRegistry     : Adding type registration yes_no -> org.hibernate.type.YesNoType@582dcd35
2022-08-18 09:08:06.933 DEBUG 21132 --- [    Test worker] org.hibernate.type.BasicTypeRegistry     : Adding type registration byte -> org.hibernate.type.ByteType@58601e7a
2022-08-18 09:08:06.933 DEBUG 21132 --- [    Test worker] org.hibernate.type.BasicTypeRegistry     : Adding type registration byte -> org.hibernate.type.ByteType@58601e7a
2022-08-18 09:08:06.933 DEBUG 21132 --- [    Test worker] org.hibernate.type.BasicTypeRegistry     : Adding type registration java.lang.Byte -> org.hibernate.type.ByteType@58601e7a
2022-08-18 09:08:06.934 DEBUG 21132 --- [    Test worker] org.hibernate.type.BasicTypeRegistry     : Adding type registration character -> org.hibernate.type.CharacterType@43e8f1c
2022-08-18 09:08:06.934 DEBUG 21132 --- [    Test worker] org.hibernate.type.BasicTypeRegistry     : Adding type registration char -> org.hibernate.type.CharacterType@43e8f1c
2022-08-18 09:08:06.934 DEBUG 21132 --- [    Test worker] org.hibernate.type.BasicTypeRegistry     : Adding type registration java.lang.Character -> org.hibernate.type.CharacterType@43e8f1c
2022-08-18 09:08:06.935 DEBUG 21132 --- [    Test worker] org.hibernate.type.BasicTypeRegistry     : Adding type registration short -> org.hibernate.type.ShortType@a457c2b
2022-08-18 09:08:06.935 DEBUG 21132 --- [    Test worker] org.hibernate.type.BasicTypeRegistry     : Adding type registration short -> org.hibernate.type.ShortType@a457c2b
2022-08-18 09:08:06.935 DEBUG 21132 --- [    Test worker] org.hibernate.type.BasicTypeRegistry     : Adding type registration java.lang.Short -> org.hibernate.type.ShortType@a457c2b
2022-08-18 09:08:06.937 DEBUG 21132 --- [    Test worker] org.hibernate.type.BasicTypeRegistry     : Adding type registration integer -> org.hibernate.type.IntegerType@6a7a1a0d
2022-08-18 09:08:06.937 DEBUG 21132 --- [    Test worker] org.hibernate.type.BasicTypeRegistry     : Adding type registration int -> org.hibernate.type.IntegerType@6a7a1a0d
2022-08-18 09:08:06.937 DEBUG 21132 --- [    Test worker] org.hibernate.type.BasicTypeRegistry     : Adding type registration java.lang.Integer -> org.hibernate.type.IntegerType@6a7a1a0d
2022-08-18 09:08:06.938 DEBUG 21132 --- [    Test worker] org.hibernate.type.BasicTypeRegistry     : Adding type registration long -> org.hibernate.type.LongType@40dd552c
2022-08-18 09:08:06.939 DEBUG 21132 --- [    Test worker] org.hibernate.type.BasicTypeRegistry     : Adding type registration long -> org.hibernate.type.LongType@40dd552c
2022-08-18 09:08:06.939 DEBUG 21132 --- [    Test worker] org.hibernate.type.BasicTypeRegistry     : Adding type registration java.lang.Long -> org.hibernate.type.LongType@40dd552c
2022-08-18 09:08:06.940 DEBUG 21132 --- [    Test worker] org.hibernate.type.BasicTypeRegistry     : Adding type registration float -> org.hibernate.type.FloatType@4e50ae56
2022-08-18 09:08:06.940 DEBUG 21132 --- [    Test worker] org.hibernate.type.BasicTypeRegistry     : Adding type registration float -> org.hibernate.type.FloatType@4e50ae56
2022-08-18 09:08:06.940 DEBUG 21132 --- [    Test worker] org.hibernate.type.BasicTypeRegistry     : Adding type registration java.lang.Float -> org.hibernate.type.FloatType@4e50ae56
2022-08-18 09:08:06.941 DEBUG 21132 --- [    Test worker] org.hibernate.type.BasicTypeRegistry     : Adding type registration double -> org.hibernate.type.DoubleType@3af36922
2022-08-18 09:08:06.941 DEBUG 21132 --- [    Test worker] org.hibernate.type.BasicTypeRegistry     : Adding type registration double -> org.hibernate.type.DoubleType@3af36922
2022-08-18 09:08:06.941 DEBUG 21132 --- [    Test worker] org.hibernate.type.BasicTypeRegistry     : Adding type registration java.lang.Double -> org.hibernate.type.DoubleType@3af36922
2022-08-18 09:08:06.943 DEBUG 21132 --- [    Test worker] org.hibernate.type.BasicTypeRegistry     : Adding type registration big_decimal -> org.hibernate.type.BigDecimalType@4ce267cc
2022-08-18 09:08:06.943 DEBUG 21132 --- [    Test worker] org.hibernate.type.BasicTypeRegistry     : Adding type registration java.math.BigDecimal -> org.hibernate.type.BigDecimalType@4ce267cc
2022-08-18 09:08:06.946 DEBUG 21132 --- [    Test worker] org.hibernate.type.BasicTypeRegistry     : Adding type registration big_integer -> org.hibernate.type.BigIntegerType@74500e4f
2022-08-18 09:08:06.946 DEBUG 21132 --- [    Test worker] org.hibernate.type.BasicTypeRegistry     : Adding type registration java.math.BigInteger -> org.hibernate.type.BigIntegerType@74500e4f
2022-08-18 09:08:06.947 DEBUG 21132 --- [    Test worker] org.hibernate.type.BasicTypeRegistry     : Adding type registration string -> org.hibernate.type.StringType@54a056e4
2022-08-18 09:08:06.947 DEBUG 21132 --- [    Test worker] org.hibernate.type.BasicTypeRegistry     : Adding type registration java.lang.String -> org.hibernate.type.StringType@54a056e4
2022-08-18 09:08:06.947 DEBUG 21132 --- [    Test worker] org.hibernate.type.BasicTypeRegistry     : Adding type registration nstring -> org.hibernate.type.StringNVarcharType@4cb00fa5
2022-08-18 09:08:06.948 DEBUG 21132 --- [    Test worker] org.hibernate.type.BasicTypeRegistry     : Adding type registration ncharacter -> org.hibernate.type.CharacterNCharType@3407aa4f
2022-08-18 09:08:06.949 DEBUG 21132 --- [    Test worker] org.hibernate.type.BasicTypeRegistry     : Adding type registration url -> org.hibernate.type.UrlType@748904e8
2022-08-18 09:08:06.949 DEBUG 21132 --- [    Test worker] org.hibernate.type.BasicTypeRegistry     : Adding type registration java.net.URL -> org.hibernate.type.UrlType@748904e8
2022-08-18 09:08:06.951 DEBUG 21132 --- [    Test worker] org.hibernate.type.BasicTypeRegistry     : Adding type registration Duration -> org.hibernate.type.DurationType@4f235e8e
2022-08-18 09:08:06.951 DEBUG 21132 --- [    Test worker] org.hibernate.type.BasicTypeRegistry     : Adding type registration java.time.Duration -> org.hibernate.type.DurationType@4f235e8e
2022-08-18 09:08:06.952 DEBUG 21132 --- [    Test worker] org.hibernate.type.BasicTypeRegistry     : Adding type registration Instant -> org.hibernate.type.InstantType@7d8b66d9
2022-08-18 09:08:06.952 DEBUG 21132 --- [    Test worker] org.hibernate.type.BasicTypeRegistry     : Adding type registration java.time.Instant -> org.hibernate.type.InstantType@7d8b66d9
2022-08-18 09:08:06.953 DEBUG 21132 --- [    Test worker] org.hibernate.type.BasicTypeRegistry     : Adding type registration LocalDateTime -> org.hibernate.type.LocalDateTimeType@67e77f52
2022-08-18 09:08:06.953 DEBUG 21132 --- [    Test worker] org.hibernate.type.BasicTypeRegistry     : Adding type registration java.time.LocalDateTime -> org.hibernate.type.LocalDateTimeType@67e77f52
2022-08-18 09:08:06.954 DEBUG 21132 --- [    Test worker] org.hibernate.type.BasicTypeRegistry     : Adding type registration LocalDate -> org.hibernate.type.LocalDateType@1a785fd5
2022-08-18 09:08:06.954 DEBUG 21132 --- [    Test worker] org.hibernate.type.BasicTypeRegistry     : Adding type registration java.time.LocalDate -> org.hibernate.type.LocalDateType@1a785fd5
2022-08-18 09:08:06.954 DEBUG 21132 --- [    Test worker] org.hibernate.type.BasicTypeRegistry     : Adding type registration LocalTime -> org.hibernate.type.LocalTimeType@5cf0673d
2022-08-18 09:08:06.955 DEBUG 21132 --- [    Test worker] org.hibernate.type.BasicTypeRegistry     : Adding type registration java.time.LocalTime -> org.hibernate.type.LocalTimeType@5cf0673d
2022-08-18 09:08:06.957 DEBUG 21132 --- [    Test worker] org.hibernate.type.BasicTypeRegistry     : Adding type registration OffsetDateTime -> org.hibernate.type.OffsetDateTimeType@8f39224
2022-08-18 09:08:06.957 DEBUG 21132 --- [    Test worker] org.hibernate.type.BasicTypeRegistry     : Adding type registration java.time.OffsetDateTime -> org.hibernate.type.OffsetDateTimeType@8f39224
2022-08-18 09:08:06.958 DEBUG 21132 --- [    Test worker] org.hibernate.type.BasicTypeRegistry     : Adding type registration OffsetTime -> org.hibernate.type.OffsetTimeType@2b9e69fb
2022-08-18 09:08:06.958 DEBUG 21132 --- [    Test worker] org.hibernate.type.BasicTypeRegistry     : Adding type registration java.time.OffsetTime -> org.hibernate.type.OffsetTimeType@2b9e69fb
2022-08-18 09:08:06.959 DEBUG 21132 --- [    Test worker] org.hibernate.type.BasicTypeRegistry     : Adding type registration ZonedDateTime -> org.hibernate.type.ZonedDateTimeType@5a85b4e6
2022-08-18 09:08:06.959 DEBUG 21132 --- [    Test worker] org.hibernate.type.BasicTypeRegistry     : Adding type registration java.time.ZonedDateTime -> org.hibernate.type.ZonedDateTimeType@5a85b4e6
2022-08-18 09:08:06.960 DEBUG 21132 --- [    Test worker] org.hibernate.type.BasicTypeRegistry     : Adding type registration date -> org.hibernate.type.DateType@796c68bf
2022-08-18 09:08:06.960 DEBUG 21132 --- [    Test worker] org.hibernate.type.BasicTypeRegistry     : Adding type registration java.sql.Date -> org.hibernate.type.DateType@796c68bf
2022-08-18 09:08:06.960 DEBUG 21132 --- [    Test worker] org.hibernate.type.BasicTypeRegistry     : Adding type registration time -> org.hibernate.type.TimeType@2b170932
2022-08-18 09:08:06.961 DEBUG 21132 --- [    Test worker] org.hibernate.type.BasicTypeRegistry     : Adding type registration java.sql.Time -> org.hibernate.type.TimeType@2b170932
2022-08-18 09:08:06.962 DEBUG 21132 --- [    Test worker] org.hibernate.type.BasicTypeRegistry     : Adding type registration timestamp -> org.hibernate.type.TimestampType@781c2497
2022-08-18 09:08:06.962 DEBUG 21132 --- [    Test worker] org.hibernate.type.BasicTypeRegistry     : Adding type registration java.sql.Timestamp -> org.hibernate.type.TimestampType@781c2497
2022-08-18 09:08:06.962 DEBUG 21132 --- [    Test worker] org.hibernate.type.BasicTypeRegistry     : Adding type registration java.util.Date -> org.hibernate.type.TimestampType@781c2497
2022-08-18 09:08:06.963 DEBUG 21132 --- [    Test worker] org.hibernate.type.BasicTypeRegistry     : Adding type registration dbtimestamp -> org.hibernate.type.DbTimestampType@5a3cf824
2022-08-18 09:08:06.964 DEBUG 21132 --- [    Test worker] org.hibernate.type.BasicTypeRegistry     : Adding type registration calendar -> org.hibernate.type.CalendarType@3c28181b
2022-08-18 09:08:06.964 DEBUG 21132 --- [    Test worker] org.hibernate.type.BasicTypeRegistry     : Adding type registration java.util.Calendar -> org.hibernate.type.CalendarType@3c28181b
2022-08-18 09:08:06.964 DEBUG 21132 --- [    Test worker] org.hibernate.type.BasicTypeRegistry     : Adding type registration java.util.GregorianCalendar -> org.hibernate.type.CalendarType@3c28181b
2022-08-18 09:08:06.965 DEBUG 21132 --- [    Test worker] org.hibernate.type.BasicTypeRegistry     : Adding type registration calendar_date -> org.hibernate.type.CalendarDateType@49038f97
2022-08-18 09:08:06.965 DEBUG 21132 --- [    Test worker] org.hibernate.type.BasicTypeRegistry     : Adding type registration calendar_time -> org.hibernate.type.CalendarTimeType@4fe8f2ae
2022-08-18 09:08:06.966 DEBUG 21132 --- [    Test worker] org.hibernate.type.BasicTypeRegistry     : Adding type registration locale -> org.hibernate.type.LocaleType@10bf1ec9
2022-08-18 09:08:06.966 DEBUG 21132 --- [    Test worker] org.hibernate.type.BasicTypeRegistry     : Adding type registration java.util.Locale -> org.hibernate.type.LocaleType@10bf1ec9
2022-08-18 09:08:06.967 DEBUG 21132 --- [    Test worker] org.hibernate.type.BasicTypeRegistry     : Adding type registration currency -> org.hibernate.type.CurrencyType@7606bd03
2022-08-18 09:08:06.967 DEBUG 21132 --- [    Test worker] org.hibernate.type.BasicTypeRegistry     : Adding type registration java.util.Currency -> org.hibernate.type.CurrencyType@7606bd03
2022-08-18 09:08:06.968 DEBUG 21132 --- [    Test worker] org.hibernate.type.BasicTypeRegistry     : Adding type registration timezone -> org.hibernate.type.TimeZoneType@537ca28e
2022-08-18 09:08:06.968 DEBUG 21132 --- [    Test worker] org.hibernate.type.BasicTypeRegistry     : Adding type registration java.util.TimeZone -> org.hibernate.type.TimeZoneType@537ca28e
2022-08-18 09:08:06.968 DEBUG 21132 --- [    Test worker] org.hibernate.type.BasicTypeRegistry     : Adding type registration class -> org.hibernate.type.ClassType@18907af2
2022-08-18 09:08:06.968 DEBUG 21132 --- [    Test worker] org.hibernate.type.BasicTypeRegistry     : Adding type registration java.lang.Class -> org.hibernate.type.ClassType@18907af2
2022-08-18 09:08:06.969 DEBUG 21132 --- [    Test worker] org.hibernate.type.BasicTypeRegistry     : Adding type registration uuid-binary -> org.hibernate.type.UUIDBinaryType@34fcd292
2022-08-18 09:08:06.969 DEBUG 21132 --- [    Test worker] org.hibernate.type.BasicTypeRegistry     : Adding type registration java.util.UUID -> org.hibernate.type.UUIDBinaryType@34fcd292
2022-08-18 09:08:06.969 DEBUG 21132 --- [    Test worker] org.hibernate.type.BasicTypeRegistry     : Adding type registration uuid-char -> org.hibernate.type.UUIDCharType@3957d88b
2022-08-18 09:08:06.970 DEBUG 21132 --- [    Test worker] org.hibernate.type.BasicTypeRegistry     : Adding type registration binary -> org.hibernate.type.BinaryType@5ce3409b
2022-08-18 09:08:06.970 DEBUG 21132 --- [    Test worker] org.hibernate.type.BasicTypeRegistry     : Adding type registration byte[] -> org.hibernate.type.BinaryType@5ce3409b
2022-08-18 09:08:06.970 DEBUG 21132 --- [    Test worker] org.hibernate.type.BasicTypeRegistry     : Adding type registration [B -> org.hibernate.type.BinaryType@5ce3409b
2022-08-18 09:08:06.971 DEBUG 21132 --- [    Test worker] org.hibernate.type.BasicTypeRegistry     : Adding type registration wrapper-binary -> org.hibernate.type.WrapperBinaryType@7e747037
2022-08-18 09:08:06.971 DEBUG 21132 --- [    Test worker] org.hibernate.type.BasicTypeRegistry     : Adding type registration Byte[] -> org.hibernate.type.WrapperBinaryType@7e747037
2022-08-18 09:08:06.971 DEBUG 21132 --- [    Test worker] org.hibernate.type.BasicTypeRegistry     : Adding type registration [Ljava.lang.Byte; -> org.hibernate.type.WrapperBinaryType@7e747037
2022-08-18 09:08:06.972 DEBUG 21132 --- [    Test worker] org.hibernate.type.BasicTypeRegistry     : Adding type registration row_version -> org.hibernate.type.RowVersionType@5c5a91b4
2022-08-18 09:08:06.972 DEBUG 21132 --- [    Test worker] org.hibernate.type.BasicTypeRegistry     : Adding type registration image -> org.hibernate.type.ImageType@2ba9f986
2022-08-18 09:08:06.973 DEBUG 21132 --- [    Test worker] org.hibernate.type.BasicTypeRegistry     : Adding type registration characters -> org.hibernate.type.CharArrayType@3302035b
2022-08-18 09:08:06.973 DEBUG 21132 --- [    Test worker] org.hibernate.type.BasicTypeRegistry     : Adding type registration char[] -> org.hibernate.type.CharArrayType@3302035b
2022-08-18 09:08:06.973 DEBUG 21132 --- [    Test worker] org.hibernate.type.BasicTypeRegistry     : Adding type registration [C -> org.hibernate.type.CharArrayType@3302035b
2022-08-18 09:08:06.974 DEBUG 21132 --- [    Test worker] org.hibernate.type.BasicTypeRegistry     : Adding type registration wrapper-characters -> org.hibernate.type.CharacterArrayType@21be14c2
2022-08-18 09:08:06.974 DEBUG 21132 --- [    Test worker] org.hibernate.type.BasicTypeRegistry     : Adding type registration [Ljava.lang.Character; -> org.hibernate.type.CharacterArrayType@21be14c2
2022-08-18 09:08:06.974 DEBUG 21132 --- [    Test worker] org.hibernate.type.BasicTypeRegistry     : Adding type registration Character[] -> org.hibernate.type.CharacterArrayType@21be14c2
2022-08-18 09:08:06.975 DEBUG 21132 --- [    Test worker] org.hibernate.type.BasicTypeRegistry     : Adding type registration text -> org.hibernate.type.TextType@7afe0e67
2022-08-18 09:08:06.975 DEBUG 21132 --- [    Test worker] org.hibernate.type.BasicTypeRegistry     : Adding type registration ntext -> org.hibernate.type.NTextType@28bf82d9
2022-08-18 09:08:06.977 DEBUG 21132 --- [    Test worker] org.hibernate.type.BasicTypeRegistry     : Adding type registration blob -> org.hibernate.type.BlobType@fe42a09
2022-08-18 09:08:06.977 DEBUG 21132 --- [    Test worker] org.hibernate.type.BasicTypeRegistry     : Adding type registration java.sql.Blob -> org.hibernate.type.BlobType@fe42a09
2022-08-18 09:08:06.977 DEBUG 21132 --- [    Test worker] org.hibernate.type.BasicTypeRegistry     : Adding type registration materialized_blob -> org.hibernate.type.MaterializedBlobType@25a290ee
2022-08-18 09:08:06.979 DEBUG 21132 --- [    Test worker] org.hibernate.type.BasicTypeRegistry     : Adding type registration clob -> org.hibernate.type.ClobType@632241f5
2022-08-18 09:08:06.979 DEBUG 21132 --- [    Test worker] org.hibernate.type.BasicTypeRegistry     : Adding type registration java.sql.Clob -> org.hibernate.type.ClobType@632241f5
2022-08-18 09:08:06.980 DEBUG 21132 --- [    Test worker] org.hibernate.type.BasicTypeRegistry     : Adding type registration nclob -> org.hibernate.type.NClobType@568f4faa
2022-08-18 09:08:06.980 DEBUG 21132 --- [    Test worker] org.hibernate.type.BasicTypeRegistry     : Adding type registration java.sql.NClob -> org.hibernate.type.NClobType@568f4faa
2022-08-18 09:08:06.980 DEBUG 21132 --- [    Test worker] org.hibernate.type.BasicTypeRegistry     : Adding type registration materialized_clob -> org.hibernate.type.MaterializedClobType@6f8667bb
2022-08-18 09:08:06.980 DEBUG 21132 --- [    Test worker] org.hibernate.type.BasicTypeRegistry     : Adding type registration materialized_nclob -> org.hibernate.type.MaterializedNClobType@7c5f29c6
2022-08-18 09:08:06.982 DEBUG 21132 --- [    Test worker] org.hibernate.type.BasicTypeRegistry     : Adding type registration serializable -> org.hibernate.type.SerializableType@5d767218
2022-08-18 09:08:06.985 DEBUG 21132 --- [    Test worker] org.hibernate.type.BasicTypeRegistry     : Adding type registration object -> org.hibernate.type.ObjectType@1247c72e
2022-08-18 09:08:06.985 DEBUG 21132 --- [    Test worker] org.hibernate.type.BasicTypeRegistry     : Adding type registration java.lang.Object -> org.hibernate.type.ObjectType@1247c72e
2022-08-18 09:08:06.985 DEBUG 21132 --- [    Test worker] org.hibernate.type.BasicTypeRegistry     : Adding type registration imm_date -> org.hibernate.type.AdaptedImmutableType@1f179f51
2022-08-18 09:08:06.985 DEBUG 21132 --- [    Test worker] org.hibernate.type.BasicTypeRegistry     : Adding type registration imm_time -> org.hibernate.type.AdaptedImmutableType@b428830
2022-08-18 09:08:06.985 DEBUG 21132 --- [    Test worker] org.hibernate.type.BasicTypeRegistry     : Adding type registration imm_timestamp -> org.hibernate.type.AdaptedImmutableType@5b7308aa
2022-08-18 09:08:06.985 DEBUG 21132 --- [    Test worker] org.hibernate.type.BasicTypeRegistry     : Adding type registration imm_dbtimestamp -> org.hibernate.type.AdaptedImmutableType@42aa1324
2022-08-18 09:08:06.985 DEBUG 21132 --- [    Test worker] org.hibernate.type.BasicTypeRegistry     : Adding type registration imm_calendar -> org.hibernate.type.AdaptedImmutableType@6164e137
2022-08-18 09:08:06.986 DEBUG 21132 --- [    Test worker] org.hibernate.type.BasicTypeRegistry     : Adding type registration imm_calendar_date -> org.hibernate.type.AdaptedImmutableType@7ef8e623
2022-08-18 09:08:06.986 DEBUG 21132 --- [    Test worker] org.hibernate.type.BasicTypeRegistry     : Adding type registration imm_binary -> org.hibernate.type.AdaptedImmutableType@3d8d970e
2022-08-18 09:08:06.986 DEBUG 21132 --- [    Test worker] org.hibernate.type.BasicTypeRegistry     : Adding type registration imm_serializable -> org.hibernate.type.AdaptedImmutableType@2fac80a8
2022-08-18 09:08:07.054  INFO 21132 --- [    Test worker] org.hibernate.dialect.Dialect            : HHH000400: Using dialect: org.hibernate.dialect.MySQL8Dialect
2022-08-18 09:08:07.081 DEBUG 21132 --- [    Test worker] o.h.type.spi.TypeConfiguration$Scope     : Scoping TypeConfiguration [org.hibernate.type.spi.TypeConfiguration@31c7c281] to MetadataBuildingContext [org.hibernate.boot.internal.MetadataBuildingContextRootImpl@31f31b20]
2022-08-18 09:08:07.410 DEBUG 21132 --- [    Test worker] o.h.type.spi.TypeConfiguration$Scope     : Scoping TypeConfiguration [org.hibernate.type.spi.TypeConfiguration@31c7c281] to SessionFactoryImpl [org.hibernate.internal.SessionFactoryImpl@4ac19bc6]
2022-08-18 09:08:07.891  INFO 21132 --- [    Test worker] o.h.e.t.j.p.i.JtaPlatformInitiator       : HHH000490: Using JtaPlatform implementation: [org.hibernate.engine.transaction.jta.platform.internal.NoJtaPlatform]
2022-08-18 09:08:07.900 TRACE 21132 --- [    Test worker] o.h.type.spi.TypeConfiguration$Scope     : Handling #sessionFactoryCreated from [org.hibernate.internal.SessionFactoryImpl@4ac19bc6] for TypeConfiguration
2022-08-18 09:08:07.901  INFO 21132 --- [    Test worker] j.LocalContainerEntityManagerFactoryBean : Initialized JPA EntityManagerFactory for persistence unit 'default'
2022-08-18 09:08:07.968  WARN 21132 --- [    Test worker] JpaBaseConfiguration$JpaWebConfiguration : spring.jpa.open-in-view is enabled by default. Therefore, database queries may be performed during view rendering. Explicitly configure spring.jpa.open-in-view to disable this warning
2022-08-18 09:08:09.639  INFO 21132 --- [    Test worker] o.s.s.web.DefaultSecurityFilterChain     : Will secure any request with [org.springframework.security.web.session.DisableEncodeUrlFilter@15251cc2, org.springframework.security.web.context.request.async.WebAsyncManagerIntegrationFilter@7bdaf563, org.springframework.security.web.context.SecurityContextPersistenceFilter@30ce78e3, org.springframework.security.web.header.HeaderWriterFilter@44c54463, org.springframework.security.web.csrf.CsrfFilter@6fb51e17, org.springframework.security.web.authentication.logout.LogoutFilter@493489dd, org.springframework.security.web.authentication.UsernamePasswordAuthenticationFilter@649a6d88, org.springframework.security.web.authentication.www.BasicAuthenticationFilter@4446a191, org.springframework.security.web.savedrequest.RequestCacheAwareFilter@2a738d47, org.springframework.security.web.servletapi.SecurityContextHolderAwareRequestFilter@82382d1, org.springframework.security.web.authentication.AnonymousAuthenticationFilter@53813f01, org.springframework.security.web.session.SessionManagementFilter@7151dd9d, org.springframework.security.web.access.ExceptionTranslationFilter@7925e772, org.springframework.security.web.access.intercept.FilterSecurityInterceptor@3bf4b018]
2022-08-18 09:08:09.711  INFO 21132 --- [    Test worker] I.S.LabInformationSystemApplicationTests : Started LabInformationSystemApplicationTests in 4.977 seconds (JVM running for 6.272)
]]></system-out>
  <system-err><![CDATA[]]></system-err>
</testsuite>
