<?xml version="1.0" encoding="UTF-8"?>
<testsuite name="com.perficient.Lab.Information.System.PatientServiceTest" tests="3" skipped="0" failures="0" errors="0" timestamp="2022-08-18T14:08:12" hostname="PRFT-17529" time="0.013">
  <properties/>
  <testcase name="TestgetAllPatients()" classname="com.perficient.Lab.Information.System.PatientServiceTest" time="0.003"/>
  <testcase name="TestgetPatientById()" classname="com.perficient.Lab.Information.System.PatientServiceTest" time="0.004"/>
  <testcase name="TestaddOrUpdatePatient()" classname="com.perficient.Lab.Information.System.PatientServiceTest" time="0.004"/>
  <system-out><![CDATA[2022-08-18 09:08:11.418  INFO 21132 --- [    Test worker] .b.t.c.SpringBootTestContextBootstrapper : Neither @ContextConfiguration nor @ContextHierarchy found for test class [com.perficient.Lab.Information.System.PatientServiceTest], using SpringBootContextLoader
2022-08-18 09:08:11.420  INFO 21132 --- [    Test worker] o.s.t.c.support.AbstractContextLoader    : Could not detect default resource locations for test class [com.perficient.Lab.Information.System.PatientServiceTest]: no resource found for suffixes {-context.xml, Context.groovy}.
2022-08-18 09:08:11.420  INFO 21132 --- [    Test worker] t.c.s.AnnotationConfigContextLoaderUtils : Could not detect default configuration classes for test class [com.perficient.Lab.Information.System.PatientServiceTest]: PatientServiceTest does not declare any static, non-private, non-final, nested classes annotated with @Configuration.
2022-08-18 09:08:11.424  INFO 21132 --- [    Test worker] .b.t.c.SpringBootTestContextBootstrapper : Found @SpringBootConfiguration com.perficient.Lab.Information.System.LabInformationSystemApplication for test class com.perficient.Lab.Information.System.PatientServiceTest
2022-08-18 09:08:11.428  INFO 21132 --- [    Test worker] .b.t.c.SpringBootTestContextBootstrapper : Loaded default TestExecutionListener class names from location [META-INF/spring.factories]: [org.springframework.security.test.context.support.WithSecurityContextTestExecutionListener, org.springframework.security.test.context.support.ReactorContextTestExecutionListener, org.springframework.boot.test.autoconfigure.restdocs.RestDocsTestExecutionListener, org.springframework.boot.test.autoconfigure.web.client.MockRestServiceServerResetTestExecutionListener, org.springframework.boot.test.autoconfigure.web.servlet.MockMvcPrintOnlyOnFailureTestExecutionListener, org.springframework.boot.test.autoconfigure.web.servlet.WebDriverTestExecutionListener, org.springframework.boot.test.autoconfigure.webservices.client.MockWebServiceServerTestExecutionListener, org.springframework.boot.test.mock.mockito.MockitoTestExecutionListener, org.springframework.boot.test.mock.mockito.ResetMocksTestExecutionListener, org.springframework.test.context.web.ServletTestExecutionListener, org.springframework.test.context.support.DirtiesContextBeforeModesTestExecutionListener, org.springframework.test.context.event.ApplicationEventsTestExecutionListener, org.springframework.test.context.support.DependencyInjectionTestExecutionListener, org.springframework.test.context.support.DirtiesContextTestExecutionListener, org.springframework.test.context.transaction.TransactionalTestExecutionListener, org.springframework.test.context.jdbc.SqlScriptsTestExecutionListener, org.springframework.test.context.event.EventPublishingTestExecutionListener]
2022-08-18 09:08:11.429  INFO 21132 --- [    Test worker] .b.t.c.SpringBootTestContextBootstrapper : Using TestExecutionListeners: [org.springframework.test.context.web.ServletTestExecutionListener@33acec5e, org.springframework.test.context.support.DirtiesContextBeforeModesTestExecutionListener@6edd8d56, org.springframework.test.context.event.ApplicationEventsTestExecutionListener@226f472, org.springframework.boot.test.mock.mockito.MockitoTestExecutionListener@2360ebe2, org.springframework.boot.test.autoconfigure.SpringBootDependencyInjectionTestExecutionListener@77fa2dcc, org.springframework.test.context.support.DirtiesContextTestExecutionListener@75cfb958, org.springframework.test.context.transaction.TransactionalTestExecutionListener@40ff56f7, org.springframework.test.context.jdbc.SqlScriptsTestExecutionListener@64648af1, org.springframework.security.test.context.support.WithSecurityContextTestExecutionListener@42d65ffc, org.springframework.test.context.event.EventPublishingTestExecutionListener@4adb2b87, org.springframework.security.test.context.support.ReactorContextTestExecutionListener@70a984c5, org.springframework.boot.test.autoconfigure.restdocs.RestDocsTestExecutionListener@30dabb23, org.springframework.boot.test.autoconfigure.web.client.MockRestServiceServerResetTestExecutionListener@40032b7b, org.springframework.boot.test.autoconfigure.web.servlet.MockMvcPrintOnlyOnFailureTestExecutionListener@5317a7ef, org.springframework.boot.test.autoconfigure.web.servlet.WebDriverTestExecutionListener@6fa48ee4, org.springframework.boot.test.autoconfigure.webservices.client.MockWebServiceServerTestExecutionListener@a422390, org.springframework.boot.test.mock.mockito.ResetMocksTestExecutionListener@53c39950]

  .   ____          _            __ _ _
 /\\ / ___'_ __ _ _(_)_ __  __ _ \ \ \ \
( ( )\___ | '_ | '_| | '_ \/ _` | \ \ \ \
 \\/  ___)| |_)| | | | | || (_| |  ) ) ) )
  '  |____| .__|_| |_|_| |_\__, | / / / /
 =========|_|==============|___/=/_/_/_/
 :: Spring Boot ::                (v2.7.1)

2022-08-18 09:08:11.461  INFO 21132 --- [    Test worker] c.p.L.I.System.PatientServiceTest        : Starting PatientServiceTest using Java 17.0.3 on PRFT-17529 with PID 21132 (started by ahmad.qayyum in C:\Projects\LIS)
2022-08-18 09:08:11.461  INFO 21132 --- [    Test worker] c.p.L.I.System.PatientServiceTest        : No active profile set, falling back to 1 default profile: "default"
2022-08-18 09:08:11.610  INFO 21132 --- [    Test worker] .s.d.r.c.RepositoryConfigurationDelegate : Bootstrapping Spring Data JPA repositories in DEFAULT mode.
2022-08-18 09:08:11.633  INFO 21132 --- [    Test worker] .s.d.r.c.RepositoryConfigurationDelegate : Finished Spring Data repository scanning in 22 ms. Found 7 JPA repository interfaces.
2022-08-18 09:08:11.767  INFO 21132 --- [    Test worker] com.zaxxer.hikari.HikariDataSource       : HikariPool-3 - Starting...
2022-08-18 09:08:11.809  INFO 21132 --- [    Test worker] com.zaxxer.hikari.HikariDataSource       : HikariPool-3 - Start completed.
2022-08-18 09:08:11.824  INFO 21132 --- [    Test worker] o.hibernate.jpa.internal.util.LogHelper  : HHH000204: Processing PersistenceUnitInfo [name: default]
2022-08-18 09:08:11.827 DEBUG 21132 --- [    Test worker] org.hibernate.type.BasicTypeRegistry     : Adding type registration boolean -> org.hibernate.type.BooleanType@5cd8d029
2022-08-18 09:08:11.827 DEBUG 21132 --- [    Test worker] org.hibernate.type.BasicTypeRegistry     : Adding type registration boolean -> org.hibernate.type.BooleanType@5cd8d029
2022-08-18 09:08:11.827 DEBUG 21132 --- [    Test worker] org.hibernate.type.BasicTypeRegistry     : Adding type registration java.lang.Boolean -> org.hibernate.type.BooleanType@5cd8d029
2022-08-18 09:08:11.827 DEBUG 21132 --- [    Test worker] org.hibernate.type.BasicTypeRegistry     : Adding type registration numeric_boolean -> org.hibernate.type.NumericBooleanType@d108406
2022-08-18 09:08:11.827 DEBUG 21132 --- [    Test worker] org.hibernate.type.BasicTypeRegistry     : Adding type registration true_false -> org.hibernate.type.TrueFalseType@6a5dd083
2022-08-18 09:08:11.827 DEBUG 21132 --- [    Test worker] org.hibernate.type.BasicTypeRegistry     : Adding type registration yes_no -> org.hibernate.type.YesNoType@582dcd35
2022-08-18 09:08:11.827 DEBUG 21132 --- [    Test worker] org.hibernate.type.BasicTypeRegistry     : Adding type registration byte -> org.hibernate.type.ByteType@58601e7a
2022-08-18 09:08:11.827 DEBUG 21132 --- [    Test worker] org.hibernate.type.BasicTypeRegistry     : Adding type registration byte -> org.hibernate.type.ByteType@58601e7a
2022-08-18 09:08:11.827 DEBUG 21132 --- [    Test worker] org.hibernate.type.BasicTypeRegistry     : Adding type registration java.lang.Byte -> org.hibernate.type.ByteType@58601e7a
2022-08-18 09:08:11.827 DEBUG 21132 --- [    Test worker] org.hibernate.type.BasicTypeRegistry     : Adding type registration character -> org.hibernate.type.CharacterType@43e8f1c
2022-08-18 09:08:11.827 DEBUG 21132 --- [    Test worker] org.hibernate.type.BasicTypeRegistry     : Adding type registration char -> org.hibernate.type.CharacterType@43e8f1c
2022-08-18 09:08:11.827 DEBUG 21132 --- [    Test worker] org.hibernate.type.BasicTypeRegistry     : Adding type registration java.lang.Character -> org.hibernate.type.CharacterType@43e8f1c
2022-08-18 09:08:11.827 DEBUG 21132 --- [    Test worker] org.hibernate.type.BasicTypeRegistry     : Adding type registration short -> org.hibernate.type.ShortType@a457c2b
2022-08-18 09:08:11.827 DEBUG 21132 --- [    Test worker] org.hibernate.type.BasicTypeRegistry     : Adding type registration short -> org.hibernate.type.ShortType@a457c2b
2022-08-18 09:08:11.828 DEBUG 21132 --- [    Test worker] org.hibernate.type.BasicTypeRegistry     : Adding type registration java.lang.Short -> org.hibernate.type.ShortType@a457c2b
2022-08-18 09:08:11.828 DEBUG 21132 --- [    Test worker] org.hibernate.type.BasicTypeRegistry     : Adding type registration integer -> org.hibernate.type.IntegerType@6a7a1a0d
2022-08-18 09:08:11.828 DEBUG 21132 --- [    Test worker] org.hibernate.type.BasicTypeRegistry     : Adding type registration int -> org.hibernate.type.IntegerType@6a7a1a0d
2022-08-18 09:08:11.828 DEBUG 21132 --- [    Test worker] org.hibernate.type.BasicTypeRegistry     : Adding type registration java.lang.Integer -> org.hibernate.type.IntegerType@6a7a1a0d
2022-08-18 09:08:11.828 DEBUG 21132 --- [    Test worker] org.hibernate.type.BasicTypeRegistry     : Adding type registration long -> org.hibernate.type.LongType@40dd552c
2022-08-18 09:08:11.828 DEBUG 21132 --- [    Test worker] org.hibernate.type.BasicTypeRegistry     : Adding type registration long -> org.hibernate.type.LongType@40dd552c
2022-08-18 09:08:11.828 DEBUG 21132 --- [    Test worker] org.hibernate.type.BasicTypeRegistry     : Adding type registration java.lang.Long -> org.hibernate.type.LongType@40dd552c
2022-08-18 09:08:11.828 DEBUG 21132 --- [    Test worker] org.hibernate.type.BasicTypeRegistry     : Adding type registration float -> org.hibernate.type.FloatType@4e50ae56
2022-08-18 09:08:11.828 DEBUG 21132 --- [    Test worker] org.hibernate.type.BasicTypeRegistry     : Adding type registration float -> org.hibernate.type.FloatType@4e50ae56
2022-08-18 09:08:11.828 DEBUG 21132 --- [    Test worker] org.hibernate.type.BasicTypeRegistry     : Adding type registration java.lang.Float -> org.hibernate.type.FloatType@4e50ae56
2022-08-18 09:08:11.828 DEBUG 21132 --- [    Test worker] org.hibernate.type.BasicTypeRegistry     : Adding type registration double -> org.hibernate.type.DoubleType@3af36922
2022-08-18 09:08:11.828 DEBUG 21132 --- [    Test worker] org.hibernate.type.BasicTypeRegistry     : Adding type registration double -> org.hibernate.type.DoubleType@3af36922
2022-08-18 09:08:11.828 DEBUG 21132 --- [    Test worker] org.hibernate.type.BasicTypeRegistry     : Adding type registration java.lang.Double -> org.hibernate.type.DoubleType@3af36922
2022-08-18 09:08:11.828 DEBUG 21132 --- [    Test worker] org.hibernate.type.BasicTypeRegistry     : Adding type registration big_decimal -> org.hibernate.type.BigDecimalType@4ce267cc
2022-08-18 09:08:11.828 DEBUG 21132 --- [    Test worker] org.hibernate.type.BasicTypeRegistry     : Adding type registration java.math.BigDecimal -> org.hibernate.type.BigDecimalType@4ce267cc
2022-08-18 09:08:11.828 DEBUG 21132 --- [    Test worker] org.hibernate.type.BasicTypeRegistry     : Adding type registration big_integer -> org.hibernate.type.BigIntegerType@74500e4f
2022-08-18 09:08:11.828 DEBUG 21132 --- [    Test worker] org.hibernate.type.BasicTypeRegistry     : Adding type registration java.math.BigInteger -> org.hibernate.type.BigIntegerType@74500e4f
2022-08-18 09:08:11.828 DEBUG 21132 --- [    Test worker] org.hibernate.type.BasicTypeRegistry     : Adding type registration string -> org.hibernate.type.StringType@54a056e4
2022-08-18 09:08:11.828 DEBUG 21132 --- [    Test worker] org.hibernate.type.BasicTypeRegistry     : Adding type registration java.lang.String -> org.hibernate.type.StringType@54a056e4
2022-08-18 09:08:11.829 DEBUG 21132 --- [    Test worker] org.hibernate.type.BasicTypeRegistry     : Adding type registration nstring -> org.hibernate.type.StringNVarcharType@4cb00fa5
2022-08-18 09:08:11.829 DEBUG 21132 --- [    Test worker] org.hibernate.type.BasicTypeRegistry     : Adding type registration ncharacter -> org.hibernate.type.CharacterNCharType@3407aa4f
2022-08-18 09:08:11.829 DEBUG 21132 --- [    Test worker] org.hibernate.type.BasicTypeRegistry     : Adding type registration url -> org.hibernate.type.UrlType@748904e8
2022-08-18 09:08:11.829 DEBUG 21132 --- [    Test worker] org.hibernate.type.BasicTypeRegistry     : Adding type registration java.net.URL -> org.hibernate.type.UrlType@748904e8
2022-08-18 09:08:11.829 DEBUG 21132 --- [    Test worker] org.hibernate.type.BasicTypeRegistry     : Adding type registration Duration -> org.hibernate.type.DurationType@4f235e8e
2022-08-18 09:08:11.829 DEBUG 21132 --- [    Test worker] org.hibernate.type.BasicTypeRegistry     : Adding type registration java.time.Duration -> org.hibernate.type.DurationType@4f235e8e
2022-08-18 09:08:11.829 DEBUG 21132 --- [    Test worker] org.hibernate.type.BasicTypeRegistry     : Adding type registration Instant -> org.hibernate.type.InstantType@7d8b66d9
2022-08-18 09:08:11.829 DEBUG 21132 --- [    Test worker] org.hibernate.type.BasicTypeRegistry     : Adding type registration java.time.Instant -> org.hibernate.type.InstantType@7d8b66d9
2022-08-18 09:08:11.829 DEBUG 21132 --- [    Test worker] org.hibernate.type.BasicTypeRegistry     : Adding type registration LocalDateTime -> org.hibernate.type.LocalDateTimeType@67e77f52
2022-08-18 09:08:11.829 DEBUG 21132 --- [    Test worker] org.hibernate.type.BasicTypeRegistry     : Adding type registration java.time.LocalDateTime -> org.hibernate.type.LocalDateTimeType@67e77f52
2022-08-18 09:08:11.829 DEBUG 21132 --- [    Test worker] org.hibernate.type.BasicTypeRegistry     : Adding type registration LocalDate -> org.hibernate.type.LocalDateType@1a785fd5
2022-08-18 09:08:11.829 DEBUG 21132 --- [    Test worker] org.hibernate.type.BasicTypeRegistry     : Adding type registration java.time.LocalDate -> org.hibernate.type.LocalDateType@1a785fd5
2022-08-18 09:08:11.829 DEBUG 21132 --- [    Test worker] org.hibernate.type.BasicTypeRegistry     : Adding type registration LocalTime -> org.hibernate.type.LocalTimeType@5cf0673d
2022-08-18 09:08:11.829 DEBUG 21132 --- [    Test worker] org.hibernate.type.BasicTypeRegistry     : Adding type registration java.time.LocalTime -> org.hibernate.type.LocalTimeType@5cf0673d
2022-08-18 09:08:11.829 DEBUG 21132 --- [    Test worker] org.hibernate.type.BasicTypeRegistry     : Adding type registration OffsetDateTime -> org.hibernate.type.OffsetDateTimeType@8f39224
2022-08-18 09:08:11.829 DEBUG 21132 --- [    Test worker] org.hibernate.type.BasicTypeRegistry     : Adding type registration java.time.OffsetDateTime -> org.hibernate.type.OffsetDateTimeType@8f39224
2022-08-18 09:08:11.829 DEBUG 21132 --- [    Test worker] org.hibernate.type.BasicTypeRegistry     : Adding type registration OffsetTime -> org.hibernate.type.OffsetTimeType@2b9e69fb
2022-08-18 09:08:11.829 DEBUG 21132 --- [    Test worker] org.hibernate.type.BasicTypeRegistry     : Adding type registration java.time.OffsetTime -> org.hibernate.type.OffsetTimeType@2b9e69fb
2022-08-18 09:08:11.830 DEBUG 21132 --- [    Test worker] org.hibernate.type.BasicTypeRegistry     : Adding type registration ZonedDateTime -> org.hibernate.type.ZonedDateTimeType@5a85b4e6
2022-08-18 09:08:11.830 DEBUG 21132 --- [    Test worker] org.hibernate.type.BasicTypeRegistry     : Adding type registration java.time.ZonedDateTime -> org.hibernate.type.ZonedDateTimeType@5a85b4e6
2022-08-18 09:08:11.830 DEBUG 21132 --- [    Test worker] org.hibernate.type.BasicTypeRegistry     : Adding type registration date -> org.hibernate.type.DateType@796c68bf
2022-08-18 09:08:11.830 DEBUG 21132 --- [    Test worker] org.hibernate.type.BasicTypeRegistry     : Adding type registration java.sql.Date -> org.hibernate.type.DateType@796c68bf
2022-08-18 09:08:11.830 DEBUG 21132 --- [    Test worker] org.hibernate.type.BasicTypeRegistry     : Adding type registration time -> org.hibernate.type.TimeType@2b170932
2022-08-18 09:08:11.830 DEBUG 21132 --- [    Test worker] org.hibernate.type.BasicTypeRegistry     : Adding type registration java.sql.Time -> org.hibernate.type.TimeType@2b170932
2022-08-18 09:08:11.830 DEBUG 21132 --- [    Test worker] org.hibernate.type.BasicTypeRegistry     : Adding type registration timestamp -> org.hibernate.type.TimestampType@781c2497
2022-08-18 09:08:11.830 DEBUG 21132 --- [    Test worker] org.hibernate.type.BasicTypeRegistry     : Adding type registration java.sql.Timestamp -> org.hibernate.type.TimestampType@781c2497
2022-08-18 09:08:11.830 DEBUG 21132 --- [    Test worker] org.hibernate.type.BasicTypeRegistry     : Adding type registration java.util.Date -> org.hibernate.type.TimestampType@781c2497
2022-08-18 09:08:11.830 DEBUG 21132 --- [    Test worker] org.hibernate.type.BasicTypeRegistry     : Adding type registration dbtimestamp -> org.hibernate.type.DbTimestampType@5a3cf824
2022-08-18 09:08:11.830 DEBUG 21132 --- [    Test worker] org.hibernate.type.BasicTypeRegistry     : Adding type registration calendar -> org.hibernate.type.CalendarType@3c28181b
2022-08-18 09:08:11.830 DEBUG 21132 --- [    Test worker] org.hibernate.type.BasicTypeRegistry     : Adding type registration java.util.Calendar -> org.hibernate.type.CalendarType@3c28181b
2022-08-18 09:08:11.830 DEBUG 21132 --- [    Test worker] org.hibernate.type.BasicTypeRegistry     : Adding type registration java.util.GregorianCalendar -> org.hibernate.type.CalendarType@3c28181b
2022-08-18 09:08:11.830 DEBUG 21132 --- [    Test worker] org.hibernate.type.BasicTypeRegistry     : Adding type registration calendar_date -> org.hibernate.type.CalendarDateType@49038f97
2022-08-18 09:08:11.830 DEBUG 21132 --- [    Test worker] org.hibernate.type.BasicTypeRegistry     : Adding type registration calendar_time -> org.hibernate.type.CalendarTimeType@4fe8f2ae
2022-08-18 09:08:11.830 DEBUG 21132 --- [    Test worker] org.hibernate.type.BasicTypeRegistry     : Adding type registration locale -> org.hibernate.type.LocaleType@10bf1ec9
2022-08-18 09:08:11.831 DEBUG 21132 --- [    Test worker] org.hibernate.type.BasicTypeRegistry     : Adding type registration java.util.Locale -> org.hibernate.type.LocaleType@10bf1ec9
2022-08-18 09:08:11.831 DEBUG 21132 --- [    Test worker] org.hibernate.type.BasicTypeRegistry     : Adding type registration currency -> org.hibernate.type.CurrencyType@7606bd03
2022-08-18 09:08:11.831 DEBUG 21132 --- [    Test worker] org.hibernate.type.BasicTypeRegistry     : Adding type registration java.util.Currency -> org.hibernate.type.CurrencyType@7606bd03
2022-08-18 09:08:11.831 DEBUG 21132 --- [    Test worker] org.hibernate.type.BasicTypeRegistry     : Adding type registration timezone -> org.hibernate.type.TimeZoneType@537ca28e
2022-08-18 09:08:11.831 DEBUG 21132 --- [    Test worker] org.hibernate.type.BasicTypeRegistry     : Adding type registration java.util.TimeZone -> org.hibernate.type.TimeZoneType@537ca28e
2022-08-18 09:08:11.831 DEBUG 21132 --- [    Test worker] org.hibernate.type.BasicTypeRegistry     : Adding type registration class -> org.hibernate.type.ClassType@18907af2
2022-08-18 09:08:11.831 DEBUG 21132 --- [    Test worker] org.hibernate.type.BasicTypeRegistry     : Adding type registration java.lang.Class -> org.hibernate.type.ClassType@18907af2
2022-08-18 09:08:11.831 DEBUG 21132 --- [    Test worker] org.hibernate.type.BasicTypeRegistry     : Adding type registration uuid-binary -> org.hibernate.type.UUIDBinaryType@34fcd292
2022-08-18 09:08:11.831 DEBUG 21132 --- [    Test worker] org.hibernate.type.BasicTypeRegistry     : Adding type registration java.util.UUID -> org.hibernate.type.UUIDBinaryType@34fcd292
2022-08-18 09:08:11.831 DEBUG 21132 --- [    Test worker] org.hibernate.type.BasicTypeRegistry     : Adding type registration uuid-char -> org.hibernate.type.UUIDCharType@3957d88b
2022-08-18 09:08:11.831 DEBUG 21132 --- [    Test worker] org.hibernate.type.BasicTypeRegistry     : Adding type registration binary -> org.hibernate.type.BinaryType@5ce3409b
2022-08-18 09:08:11.831 DEBUG 21132 --- [    Test worker] org.hibernate.type.BasicTypeRegistry     : Adding type registration byte[] -> org.hibernate.type.BinaryType@5ce3409b
2022-08-18 09:08:11.831 DEBUG 21132 --- [    Test worker] org.hibernate.type.BasicTypeRegistry     : Adding type registration [B -> org.hibernate.type.BinaryType@5ce3409b
2022-08-18 09:08:11.832 DEBUG 21132 --- [    Test worker] org.hibernate.type.BasicTypeRegistry     : Adding type registration wrapper-binary -> org.hibernate.type.WrapperBinaryType@7e747037
2022-08-18 09:08:11.832 DEBUG 21132 --- [    Test worker] org.hibernate.type.BasicTypeRegistry     : Adding type registration Byte[] -> org.hibernate.type.WrapperBinaryType@7e747037
2022-08-18 09:08:11.832 DEBUG 21132 --- [    Test worker] org.hibernate.type.BasicTypeRegistry     : Adding type registration [Ljava.lang.Byte; -> org.hibernate.type.WrapperBinaryType@7e747037
2022-08-18 09:08:11.832 DEBUG 21132 --- [    Test worker] org.hibernate.type.BasicTypeRegistry     : Adding type registration row_version -> org.hibernate.type.RowVersionType@5c5a91b4
2022-08-18 09:08:11.832 DEBUG 21132 --- [    Test worker] org.hibernate.type.BasicTypeRegistry     : Adding type registration image -> org.hibernate.type.ImageType@2ba9f986
2022-08-18 09:08:11.832 DEBUG 21132 --- [    Test worker] org.hibernate.type.BasicTypeRegistry     : Adding type registration characters -> org.hibernate.type.CharArrayType@3302035b
2022-08-18 09:08:11.832 DEBUG 21132 --- [    Test worker] org.hibernate.type.BasicTypeRegistry     : Adding type registration char[] -> org.hibernate.type.CharArrayType@3302035b
2022-08-18 09:08:11.832 DEBUG 21132 --- [    Test worker] org.hibernate.type.BasicTypeRegistry     : Adding type registration [C -> org.hibernate.type.CharArrayType@3302035b
2022-08-18 09:08:11.832 DEBUG 21132 --- [    Test worker] org.hibernate.type.BasicTypeRegistry     : Adding type registration wrapper-characters -> org.hibernate.type.CharacterArrayType@21be14c2
2022-08-18 09:08:11.832 DEBUG 21132 --- [    Test worker] org.hibernate.type.BasicTypeRegistry     : Adding type registration [Ljava.lang.Character; -> org.hibernate.type.CharacterArrayType@21be14c2
2022-08-18 09:08:11.832 DEBUG 21132 --- [    Test worker] org.hibernate.type.BasicTypeRegistry     : Adding type registration Character[] -> org.hibernate.type.CharacterArrayType@21be14c2
2022-08-18 09:08:11.832 DEBUG 21132 --- [    Test worker] org.hibernate.type.BasicTypeRegistry     : Adding type registration text -> org.hibernate.type.TextType@7afe0e67
2022-08-18 09:08:11.832 DEBUG 21132 --- [    Test worker] org.hibernate.type.BasicTypeRegistry     : Adding type registration ntext -> org.hibernate.type.NTextType@28bf82d9
2022-08-18 09:08:11.832 DEBUG 21132 --- [    Test worker] org.hibernate.type.BasicTypeRegistry     : Adding type registration blob -> org.hibernate.type.BlobType@fe42a09
2022-08-18 09:08:11.833 DEBUG 21132 --- [    Test worker] org.hibernate.type.BasicTypeRegistry     : Adding type registration java.sql.Blob -> org.hibernate.type.BlobType@fe42a09
2022-08-18 09:08:11.833 DEBUG 21132 --- [    Test worker] org.hibernate.type.BasicTypeRegistry     : Adding type registration materialized_blob -> org.hibernate.type.MaterializedBlobType@25a290ee
2022-08-18 09:08:11.833 DEBUG 21132 --- [    Test worker] org.hibernate.type.BasicTypeRegistry     : Adding type registration clob -> org.hibernate.type.ClobType@632241f5
2022-08-18 09:08:11.833 DEBUG 21132 --- [    Test worker] org.hibernate.type.BasicTypeRegistry     : Adding type registration java.sql.Clob -> org.hibernate.type.ClobType@632241f5
2022-08-18 09:08:11.833 DEBUG 21132 --- [    Test worker] org.hibernate.type.BasicTypeRegistry     : Adding type registration nclob -> org.hibernate.type.NClobType@568f4faa
2022-08-18 09:08:11.833 DEBUG 21132 --- [    Test worker] org.hibernate.type.BasicTypeRegistry     : Adding type registration java.sql.NClob -> org.hibernate.type.NClobType@568f4faa
2022-08-18 09:08:11.833 DEBUG 21132 --- [    Test worker] org.hibernate.type.BasicTypeRegistry     : Adding type registration materialized_clob -> org.hibernate.type.MaterializedClobType@6f8667bb
2022-08-18 09:08:11.833 DEBUG 21132 --- [    Test worker] org.hibernate.type.BasicTypeRegistry     : Adding type registration materialized_nclob -> org.hibernate.type.MaterializedNClobType@7c5f29c6
2022-08-18 09:08:11.833 DEBUG 21132 --- [    Test worker] org.hibernate.type.BasicTypeRegistry     : Adding type registration serializable -> org.hibernate.type.SerializableType@5d767218
2022-08-18 09:08:11.833 DEBUG 21132 --- [    Test worker] org.hibernate.type.BasicTypeRegistry     : Adding type registration object -> org.hibernate.type.ObjectType@1247c72e
2022-08-18 09:08:11.833 DEBUG 21132 --- [    Test worker] org.hibernate.type.BasicTypeRegistry     : Adding type registration java.lang.Object -> org.hibernate.type.ObjectType@1247c72e
2022-08-18 09:08:11.833 DEBUG 21132 --- [    Test worker] org.hibernate.type.BasicTypeRegistry     : Adding type registration imm_date -> org.hibernate.type.AdaptedImmutableType@57421e4e
2022-08-18 09:08:11.833 DEBUG 21132 --- [    Test worker] org.hibernate.type.BasicTypeRegistry     : Adding type registration imm_time -> org.hibernate.type.AdaptedImmutableType@5a75bad4
2022-08-18 09:08:11.833 DEBUG 21132 --- [    Test worker] org.hibernate.type.BasicTypeRegistry     : Adding type registration imm_timestamp -> org.hibernate.type.AdaptedImmutableType@77227b1f
2022-08-18 09:08:11.833 DEBUG 21132 --- [    Test worker] org.hibernate.type.BasicTypeRegistry     : Adding type registration imm_dbtimestamp -> org.hibernate.type.AdaptedImmutableType@73136174
2022-08-18 09:08:11.834 DEBUG 21132 --- [    Test worker] org.hibernate.type.BasicTypeRegistry     : Adding type registration imm_calendar -> org.hibernate.type.AdaptedImmutableType@34e4a136
2022-08-18 09:08:11.834 DEBUG 21132 --- [    Test worker] org.hibernate.type.BasicTypeRegistry     : Adding type registration imm_calendar_date -> org.hibernate.type.AdaptedImmutableType@43300e64
2022-08-18 09:08:11.834 DEBUG 21132 --- [    Test worker] org.hibernate.type.BasicTypeRegistry     : Adding type registration imm_binary -> org.hibernate.type.AdaptedImmutableType@27ae6f9e
2022-08-18 09:08:11.834 DEBUG 21132 --- [    Test worker] org.hibernate.type.BasicTypeRegistry     : Adding type registration imm_serializable -> org.hibernate.type.AdaptedImmutableType@4fdea2de
2022-08-18 09:08:11.838  INFO 21132 --- [    Test worker] org.hibernate.dialect.Dialect            : HHH000400: Using dialect: org.hibernate.dialect.MySQL8Dialect
2022-08-18 09:08:11.840 DEBUG 21132 --- [    Test worker] o.h.type.spi.TypeConfiguration$Scope     : Scoping TypeConfiguration [org.hibernate.type.spi.TypeConfiguration@49a46f29] to MetadataBuildingContext [org.hibernate.boot.internal.MetadataBuildingContextRootImpl@7356ec91]
2022-08-18 09:08:11.881 DEBUG 21132 --- [    Test worker] o.h.type.spi.TypeConfiguration$Scope     : Scoping TypeConfiguration [org.hibernate.type.spi.TypeConfiguration@49a46f29] to SessionFactoryImpl [org.hibernate.internal.SessionFactoryImpl@621a7d83]
2022-08-18 09:08:11.979  INFO 21132 --- [    Test worker] o.h.e.t.j.p.i.JtaPlatformInitiator       : HHH000490: Using JtaPlatform implementation: [org.hibernate.engine.transaction.jta.platform.internal.NoJtaPlatform]
2022-08-18 09:08:11.979 TRACE 21132 --- [    Test worker] o.h.type.spi.TypeConfiguration$Scope     : Handling #sessionFactoryCreated from [org.hibernate.internal.SessionFactoryImpl@621a7d83] for TypeConfiguration
2022-08-18 09:08:11.979  INFO 21132 --- [    Test worker] j.LocalContainerEntityManagerFactoryBean : Initialized JPA EntityManagerFactory for persistence unit 'default'
2022-08-18 09:08:12.010  WARN 21132 --- [    Test worker] JpaBaseConfiguration$JpaWebConfiguration : spring.jpa.open-in-view is enabled by default. Therefore, database queries may be performed during view rendering. Explicitly configure spring.jpa.open-in-view to disable this warning
2022-08-18 09:08:12.581  INFO 21132 --- [    Test worker] o.s.s.web.DefaultSecurityFilterChain     : Will secure any request with [org.springframework.security.web.session.DisableEncodeUrlFilter@3aafa1c1, org.springframework.security.web.context.request.async.WebAsyncManagerIntegrationFilter@192f807, org.springframework.security.web.context.SecurityContextPersistenceFilter@22ca5fe1, org.springframework.security.web.header.HeaderWriterFilter@3e1f6318, org.springframework.security.web.csrf.CsrfFilter@667ce5fa, org.springframework.security.web.authentication.logout.LogoutFilter@12dab9a8, org.springframework.security.web.authentication.UsernamePasswordAuthenticationFilter@6f1b0ead, org.springframework.security.web.authentication.www.BasicAuthenticationFilter@4487dce, org.springframework.security.web.savedrequest.RequestCacheAwareFilter@45cd5c56, org.springframework.security.web.servletapi.SecurityContextHolderAwareRequestFilter@8fe054, org.springframework.security.web.authentication.AnonymousAuthenticationFilter@36cbe0fe, org.springframework.security.web.session.SessionManagementFilter@23182d4d, org.springframework.security.web.access.ExceptionTranslationFilter@2298af09, org.springframework.security.web.access.intercept.FilterSecurityInterceptor@3f8090db]
2022-08-18 09:08:12.622  INFO 21132 --- [    Test worker] c.p.L.I.System.PatientServiceTest        : Started PatientServiceTest in 1.191 seconds (JVM running for 9.183)
]]></system-out>
  <system-err><![CDATA[]]></system-err>
</testsuite>
