<?xml version="1.0" encoding="UTF-8"?>
<testsuite name="com.perficient.Lab.Information.System.UserServiceTest" tests="4" skipped="0" failures="0" errors="0" timestamp="2022-08-18T14:08:14" hostname="PRFT-17529" time="0.227">
  <properties/>
  <testcase name="testgetById()" classname="com.perficient.Lab.Information.System.UserServiceTest" time="0.005"/>
  <testcase name="testSave()" classname="com.perficient.Lab.Information.System.UserServiceTest" time="0.212"/>
  <testcase name="testGetAllUsers()" classname="com.perficient.Lab.Information.System.UserServiceTest" time="0.002"/>
  <testcase name="testdeleteUser()" classname="com.perficient.Lab.Information.System.UserServiceTest" time="0.005"/>
  <system-out><![CDATA[2022-08-18 09:08:13.692  INFO 21132 --- [    Test worker] .b.t.c.SpringBootTestContextBootstrapper : Neither @ContextConfiguration nor @ContextHierarchy found for test class [com.perficient.Lab.Information.System.UserServiceTest], using SpringBootContextLoader
2022-08-18 09:08:13.693  INFO 21132 --- [    Test worker] o.s.t.c.support.AbstractContextLoader    : Could not detect default resource locations for test class [com.perficient.Lab.Information.System.UserServiceTest]: no resource found for suffixes {-context.xml, Context.groovy}.
2022-08-18 09:08:13.693  INFO 21132 --- [    Test worker] t.c.s.AnnotationConfigContextLoaderUtils : Could not detect default configuration classes for test class [com.perficient.Lab.Information.System.UserServiceTest]: UserServiceTest does not declare any static, non-private, non-final, nested classes annotated with @Configuration.
2022-08-18 09:08:13.696  INFO 21132 --- [    Test worker] .b.t.c.SpringBootTestContextBootstrapper : Found @SpringBootConfiguration com.perficient.Lab.Information.System.LabInformationSystemApplication for test class com.perficient.Lab.Information.System.UserServiceTest
2022-08-18 09:08:13.697  INFO 21132 --- [    Test worker] .b.t.c.SpringBootTestContextBootstrapper : Loaded default TestExecutionListener class names from location [META-INF/spring.factories]: [org.springframework.security.test.context.support.WithSecurityContextTestExecutionListener, org.springframework.security.test.context.support.ReactorContextTestExecutionListener, org.springframework.boot.test.autoconfigure.restdocs.RestDocsTestExecutionListener, org.springframework.boot.test.autoconfigure.web.client.MockRestServiceServerResetTestExecutionListener, org.springframework.boot.test.autoconfigure.web.servlet.MockMvcPrintOnlyOnFailureTestExecutionListener, org.springframework.boot.test.autoconfigure.web.servlet.WebDriverTestExecutionListener, org.springframework.boot.test.autoconfigure.webservices.client.MockWebServiceServerTestExecutionListener, org.springframework.boot.test.mock.mockito.MockitoTestExecutionListener, org.springframework.boot.test.mock.mockito.ResetMocksTestExecutionListener, org.springframework.test.context.web.ServletTestExecutionListener, org.springframework.test.context.support.DirtiesContextBeforeModesTestExecutionListener, org.springframework.test.context.event.ApplicationEventsTestExecutionListener, org.springframework.test.context.support.DependencyInjectionTestExecutionListener, org.springframework.test.context.support.DirtiesContextTestExecutionListener, org.springframework.test.context.transaction.TransactionalTestExecutionListener, org.springframework.test.context.jdbc.SqlScriptsTestExecutionListener, org.springframework.test.context.event.EventPublishingTestExecutionListener]
2022-08-18 09:08:13.698  INFO 21132 --- [    Test worker] .b.t.c.SpringBootTestContextBootstrapper : Using TestExecutionListeners: [org.springframework.test.context.web.ServletTestExecutionListener@616e7884, org.springframework.test.context.support.DirtiesContextBeforeModesTestExecutionListener@5ee4aad3, org.springframework.test.context.event.ApplicationEventsTestExecutionListener@51ce8293, org.springframework.boot.test.mock.mockito.MockitoTestExecutionListener@23043ba, org.springframework.boot.test.autoconfigure.SpringBootDependencyInjectionTestExecutionListener@1088b120, org.springframework.test.context.support.DirtiesContextTestExecutionListener@6b4133d0, org.springframework.test.context.transaction.TransactionalTestExecutionListener@4ebefe31, org.springframework.test.context.jdbc.SqlScriptsTestExecutionListener@4e1349cf, org.springframework.security.test.context.support.WithSecurityContextTestExecutionListener@1b47e09c, org.springframework.test.context.event.EventPublishingTestExecutionListener@79fa9f97, org.springframework.security.test.context.support.ReactorContextTestExecutionListener@400cb9ef, org.springframework.boot.test.autoconfigure.restdocs.RestDocsTestExecutionListener@1405dd10, org.springframework.boot.test.autoconfigure.web.client.MockRestServiceServerResetTestExecutionListener@30e29c0c, org.springframework.boot.test.autoconfigure.web.servlet.MockMvcPrintOnlyOnFailureTestExecutionListener@1dc9aba0, org.springframework.boot.test.autoconfigure.web.servlet.WebDriverTestExecutionListener@382fba37, org.springframework.boot.test.autoconfigure.webservices.client.MockWebServiceServerTestExecutionListener@2f81d7f, org.springframework.boot.test.mock.mockito.ResetMocksTestExecutionListener@265ef3d0]

  .   ____          _            __ _ _
 /\\ / ___'_ __ _ _(_)_ __  __ _ \ \ \ \
( ( )\___ | '_ | '_| | '_ \/ _` | \ \ \ \
 \\/  ___)| |_)| | | | | || (_| |  ) ) ) )
  '  |____| .__|_| |_|_| |_\__, | / / / /
 =========|_|==============|___/=/_/_/_/
 :: Spring Boot ::                (v2.7.1)

2022-08-18 09:08:13.716  INFO 21132 --- [    Test worker] c.p.L.I.System.UserServiceTest           : Starting UserServiceTest using Java 17.0.3 on PRFT-17529 with PID 21132 (started by ahmad.qayyum in C:\Projects\LIS)
2022-08-18 09:08:13.717  INFO 21132 --- [    Test worker] c.p.L.I.System.UserServiceTest           : No active profile set, falling back to 1 default profile: "default"
2022-08-18 09:08:13.870  INFO 21132 --- [    Test worker] .s.d.r.c.RepositoryConfigurationDelegate : Bootstrapping Spring Data JPA repositories in DEFAULT mode.
2022-08-18 09:08:13.892  INFO 21132 --- [    Test worker] .s.d.r.c.RepositoryConfigurationDelegate : Finished Spring Data repository scanning in 21 ms. Found 7 JPA repository interfaces.
2022-08-18 09:08:14.019  INFO 21132 --- [    Test worker] com.zaxxer.hikari.HikariDataSource       : HikariPool-5 - Starting...
2022-08-18 09:08:14.023  INFO 21132 --- [    Test worker] com.zaxxer.hikari.HikariDataSource       : HikariPool-5 - Start completed.
2022-08-18 09:08:14.037  INFO 21132 --- [    Test worker] o.hibernate.jpa.internal.util.LogHelper  : HHH000204: Processing PersistenceUnitInfo [name: default]
2022-08-18 09:08:14.039 DEBUG 21132 --- [    Test worker] org.hibernate.type.BasicTypeRegistry     : Adding type registration boolean -> org.hibernate.type.BooleanType@5cd8d029
2022-08-18 09:08:14.039 DEBUG 21132 --- [    Test worker] org.hibernate.type.BasicTypeRegistry     : Adding type registration boolean -> org.hibernate.type.BooleanType@5cd8d029
2022-08-18 09:08:14.039 DEBUG 21132 --- [    Test worker] org.hibernate.type.BasicTypeRegistry     : Adding type registration java.lang.Boolean -> org.hibernate.type.BooleanType@5cd8d029
2022-08-18 09:08:14.039 DEBUG 21132 --- [    Test worker] org.hibernate.type.BasicTypeRegistry     : Adding type registration numeric_boolean -> org.hibernate.type.NumericBooleanType@d108406
2022-08-18 09:08:14.039 DEBUG 21132 --- [    Test worker] org.hibernate.type.BasicTypeRegistry     : Adding type registration true_false -> org.hibernate.type.TrueFalseType@6a5dd083
2022-08-18 09:08:14.039 DEBUG 21132 --- [    Test worker] org.hibernate.type.BasicTypeRegistry     : Adding type registration yes_no -> org.hibernate.type.YesNoType@582dcd35
2022-08-18 09:08:14.040 DEBUG 21132 --- [    Test worker] org.hibernate.type.BasicTypeRegistry     : Adding type registration byte -> org.hibernate.type.ByteType@58601e7a
2022-08-18 09:08:14.040 DEBUG 21132 --- [    Test worker] org.hibernate.type.BasicTypeRegistry     : Adding type registration byte -> org.hibernate.type.ByteType@58601e7a
2022-08-18 09:08:14.040 DEBUG 21132 --- [    Test worker] org.hibernate.type.BasicTypeRegistry     : Adding type registration java.lang.Byte -> org.hibernate.type.ByteType@58601e7a
2022-08-18 09:08:14.040 DEBUG 21132 --- [    Test worker] org.hibernate.type.BasicTypeRegistry     : Adding type registration character -> org.hibernate.type.CharacterType@43e8f1c
2022-08-18 09:08:14.040 DEBUG 21132 --- [    Test worker] org.hibernate.type.BasicTypeRegistry     : Adding type registration char -> org.hibernate.type.CharacterType@43e8f1c
2022-08-18 09:08:14.040 DEBUG 21132 --- [    Test worker] org.hibernate.type.BasicTypeRegistry     : Adding type registration java.lang.Character -> org.hibernate.type.CharacterType@43e8f1c
2022-08-18 09:08:14.040 DEBUG 21132 --- [    Test worker] org.hibernate.type.BasicTypeRegistry     : Adding type registration short -> org.hibernate.type.ShortType@a457c2b
2022-08-18 09:08:14.040 DEBUG 21132 --- [    Test worker] org.hibernate.type.BasicTypeRegistry     : Adding type registration short -> org.hibernate.type.ShortType@a457c2b
2022-08-18 09:08:14.040 DEBUG 21132 --- [    Test worker] org.hibernate.type.BasicTypeRegistry     : Adding type registration java.lang.Short -> org.hibernate.type.ShortType@a457c2b
2022-08-18 09:08:14.040 DEBUG 21132 --- [    Test worker] org.hibernate.type.BasicTypeRegistry     : Adding type registration integer -> org.hibernate.type.IntegerType@6a7a1a0d
2022-08-18 09:08:14.040 DEBUG 21132 --- [    Test worker] org.hibernate.type.BasicTypeRegistry     : Adding type registration int -> org.hibernate.type.IntegerType@6a7a1a0d
2022-08-18 09:08:14.040 DEBUG 21132 --- [    Test worker] org.hibernate.type.BasicTypeRegistry     : Adding type registration java.lang.Integer -> org.hibernate.type.IntegerType@6a7a1a0d
2022-08-18 09:08:14.040 DEBUG 21132 --- [    Test worker] org.hibernate.type.BasicTypeRegistry     : Adding type registration long -> org.hibernate.type.LongType@40dd552c
2022-08-18 09:08:14.040 DEBUG 21132 --- [    Test worker] org.hibernate.type.BasicTypeRegistry     : Adding type registration long -> org.hibernate.type.LongType@40dd552c
2022-08-18 09:08:14.040 DEBUG 21132 --- [    Test worker] org.hibernate.type.BasicTypeRegistry     : Adding type registration java.lang.Long -> org.hibernate.type.LongType@40dd552c
2022-08-18 09:08:14.040 DEBUG 21132 --- [    Test worker] org.hibernate.type.BasicTypeRegistry     : Adding type registration float -> org.hibernate.type.FloatType@4e50ae56
2022-08-18 09:08:14.040 DEBUG 21132 --- [    Test worker] org.hibernate.type.BasicTypeRegistry     : Adding type registration float -> org.hibernate.type.FloatType@4e50ae56
2022-08-18 09:08:14.040 DEBUG 21132 --- [    Test worker] org.hibernate.type.BasicTypeRegistry     : Adding type registration java.lang.Float -> org.hibernate.type.FloatType@4e50ae56
2022-08-18 09:08:14.040 DEBUG 21132 --- [    Test worker] org.hibernate.type.BasicTypeRegistry     : Adding type registration double -> org.hibernate.type.DoubleType@3af36922
2022-08-18 09:08:14.040 DEBUG 21132 --- [    Test worker] org.hibernate.type.BasicTypeRegistry     : Adding type registration double -> org.hibernate.type.DoubleType@3af36922
2022-08-18 09:08:14.040 DEBUG 21132 --- [    Test worker] org.hibernate.type.BasicTypeRegistry     : Adding type registration java.lang.Double -> org.hibernate.type.DoubleType@3af36922
2022-08-18 09:08:14.040 DEBUG 21132 --- [    Test worker] org.hibernate.type.BasicTypeRegistry     : Adding type registration big_decimal -> org.hibernate.type.BigDecimalType@4ce267cc
2022-08-18 09:08:14.040 DEBUG 21132 --- [    Test worker] org.hibernate.type.BasicTypeRegistry     : Adding type registration java.math.BigDecimal -> org.hibernate.type.BigDecimalType@4ce267cc
2022-08-18 09:08:14.040 DEBUG 21132 --- [    Test worker] org.hibernate.type.BasicTypeRegistry     : Adding type registration big_integer -> org.hibernate.type.BigIntegerType@74500e4f
2022-08-18 09:08:14.040 DEBUG 21132 --- [    Test worker] org.hibernate.type.BasicTypeRegistry     : Adding type registration java.math.BigInteger -> org.hibernate.type.BigIntegerType@74500e4f
2022-08-18 09:08:14.040 DEBUG 21132 --- [    Test worker] org.hibernate.type.BasicTypeRegistry     : Adding type registration string -> org.hibernate.type.StringType@54a056e4
2022-08-18 09:08:14.040 DEBUG 21132 --- [    Test worker] org.hibernate.type.BasicTypeRegistry     : Adding type registration java.lang.String -> org.hibernate.type.StringType@54a056e4
2022-08-18 09:08:14.040 DEBUG 21132 --- [    Test worker] org.hibernate.type.BasicTypeRegistry     : Adding type registration nstring -> org.hibernate.type.StringNVarcharType@4cb00fa5
2022-08-18 09:08:14.040 DEBUG 21132 --- [    Test worker] org.hibernate.type.BasicTypeRegistry     : Adding type registration ncharacter -> org.hibernate.type.CharacterNCharType@3407aa4f
2022-08-18 09:08:14.040 DEBUG 21132 --- [    Test worker] org.hibernate.type.BasicTypeRegistry     : Adding type registration url -> org.hibernate.type.UrlType@748904e8
2022-08-18 09:08:14.040 DEBUG 21132 --- [    Test worker] org.hibernate.type.BasicTypeRegistry     : Adding type registration java.net.URL -> org.hibernate.type.UrlType@748904e8
2022-08-18 09:08:14.040 DEBUG 21132 --- [    Test worker] org.hibernate.type.BasicTypeRegistry     : Adding type registration Duration -> org.hibernate.type.DurationType@4f235e8e
2022-08-18 09:08:14.041 DEBUG 21132 --- [    Test worker] org.hibernate.type.BasicTypeRegistry     : Adding type registration java.time.Duration -> org.hibernate.type.DurationType@4f235e8e
2022-08-18 09:08:14.041 DEBUG 21132 --- [    Test worker] org.hibernate.type.BasicTypeRegistry     : Adding type registration Instant -> org.hibernate.type.InstantType@7d8b66d9
2022-08-18 09:08:14.041 DEBUG 21132 --- [    Test worker] org.hibernate.type.BasicTypeRegistry     : Adding type registration java.time.Instant -> org.hibernate.type.InstantType@7d8b66d9
2022-08-18 09:08:14.041 DEBUG 21132 --- [    Test worker] org.hibernate.type.BasicTypeRegistry     : Adding type registration LocalDateTime -> org.hibernate.type.LocalDateTimeType@67e77f52
2022-08-18 09:08:14.041 DEBUG 21132 --- [    Test worker] org.hibernate.type.BasicTypeRegistry     : Adding type registration java.time.LocalDateTime -> org.hibernate.type.LocalDateTimeType@67e77f52
2022-08-18 09:08:14.041 DEBUG 21132 --- [    Test worker] org.hibernate.type.BasicTypeRegistry     : Adding type registration LocalDate -> org.hibernate.type.LocalDateType@1a785fd5
2022-08-18 09:08:14.041 DEBUG 21132 --- [    Test worker] org.hibernate.type.BasicTypeRegistry     : Adding type registration java.time.LocalDate -> org.hibernate.type.LocalDateType@1a785fd5
2022-08-18 09:08:14.041 DEBUG 21132 --- [    Test worker] org.hibernate.type.BasicTypeRegistry     : Adding type registration LocalTime -> org.hibernate.type.LocalTimeType@5cf0673d
2022-08-18 09:08:14.041 DEBUG 21132 --- [    Test worker] org.hibernate.type.BasicTypeRegistry     : Adding type registration java.time.LocalTime -> org.hibernate.type.LocalTimeType@5cf0673d
2022-08-18 09:08:14.041 DEBUG 21132 --- [    Test worker] org.hibernate.type.BasicTypeRegistry     : Adding type registration OffsetDateTime -> org.hibernate.type.OffsetDateTimeType@8f39224
2022-08-18 09:08:14.041 DEBUG 21132 --- [    Test worker] org.hibernate.type.BasicTypeRegistry     : Adding type registration java.time.OffsetDateTime -> org.hibernate.type.OffsetDateTimeType@8f39224
2022-08-18 09:08:14.041 DEBUG 21132 --- [    Test worker] org.hibernate.type.BasicTypeRegistry     : Adding type registration OffsetTime -> org.hibernate.type.OffsetTimeType@2b9e69fb
2022-08-18 09:08:14.041 DEBUG 21132 --- [    Test worker] org.hibernate.type.BasicTypeRegistry     : Adding type registration java.time.OffsetTime -> org.hibernate.type.OffsetTimeType@2b9e69fb
2022-08-18 09:08:14.041 DEBUG 21132 --- [    Test worker] org.hibernate.type.BasicTypeRegistry     : Adding type registration ZonedDateTime -> org.hibernate.type.ZonedDateTimeType@5a85b4e6
2022-08-18 09:08:14.041 DEBUG 21132 --- [    Test worker] org.hibernate.type.BasicTypeRegistry     : Adding type registration java.time.ZonedDateTime -> org.hibernate.type.ZonedDateTimeType@5a85b4e6
2022-08-18 09:08:14.041 DEBUG 21132 --- [    Test worker] org.hibernate.type.BasicTypeRegistry     : Adding type registration date -> org.hibernate.type.DateType@796c68bf
2022-08-18 09:08:14.041 DEBUG 21132 --- [    Test worker] org.hibernate.type.BasicTypeRegistry     : Adding type registration java.sql.Date -> org.hibernate.type.DateType@796c68bf
2022-08-18 09:08:14.041 DEBUG 21132 --- [    Test worker] org.hibernate.type.BasicTypeRegistry     : Adding type registration time -> org.hibernate.type.TimeType@2b170932
2022-08-18 09:08:14.041 DEBUG 21132 --- [    Test worker] org.hibernate.type.BasicTypeRegistry     : Adding type registration java.sql.Time -> org.hibernate.type.TimeType@2b170932
2022-08-18 09:08:14.041 DEBUG 21132 --- [    Test worker] org.hibernate.type.BasicTypeRegistry     : Adding type registration timestamp -> org.hibernate.type.TimestampType@781c2497
2022-08-18 09:08:14.041 DEBUG 21132 --- [    Test worker] org.hibernate.type.BasicTypeRegistry     : Adding type registration java.sql.Timestamp -> org.hibernate.type.TimestampType@781c2497
2022-08-18 09:08:14.041 DEBUG 21132 --- [    Test worker] org.hibernate.type.BasicTypeRegistry     : Adding type registration java.util.Date -> org.hibernate.type.TimestampType@781c2497
2022-08-18 09:08:14.041 DEBUG 21132 --- [    Test worker] org.hibernate.type.BasicTypeRegistry     : Adding type registration dbtimestamp -> org.hibernate.type.DbTimestampType@5a3cf824
2022-08-18 09:08:14.041 DEBUG 21132 --- [    Test worker] org.hibernate.type.BasicTypeRegistry     : Adding type registration calendar -> org.hibernate.type.CalendarType@3c28181b
2022-08-18 09:08:14.042 DEBUG 21132 --- [    Test worker] org.hibernate.type.BasicTypeRegistry     : Adding type registration java.util.Calendar -> org.hibernate.type.CalendarType@3c28181b
2022-08-18 09:08:14.042 DEBUG 21132 --- [    Test worker] org.hibernate.type.BasicTypeRegistry     : Adding type registration java.util.GregorianCalendar -> org.hibernate.type.CalendarType@3c28181b
2022-08-18 09:08:14.042 DEBUG 21132 --- [    Test worker] org.hibernate.type.BasicTypeRegistry     : Adding type registration calendar_date -> org.hibernate.type.CalendarDateType@49038f97
2022-08-18 09:08:14.042 DEBUG 21132 --- [    Test worker] org.hibernate.type.BasicTypeRegistry     : Adding type registration calendar_time -> org.hibernate.type.CalendarTimeType@4fe8f2ae
2022-08-18 09:08:14.042 DEBUG 21132 --- [    Test worker] org.hibernate.type.BasicTypeRegistry     : Adding type registration locale -> org.hibernate.type.LocaleType@10bf1ec9
2022-08-18 09:08:14.042 DEBUG 21132 --- [    Test worker] org.hibernate.type.BasicTypeRegistry     : Adding type registration java.util.Locale -> org.hibernate.type.LocaleType@10bf1ec9
2022-08-18 09:08:14.042 DEBUG 21132 --- [    Test worker] org.hibernate.type.BasicTypeRegistry     : Adding type registration currency -> org.hibernate.type.CurrencyType@7606bd03
2022-08-18 09:08:14.042 DEBUG 21132 --- [    Test worker] org.hibernate.type.BasicTypeRegistry     : Adding type registration java.util.Currency -> org.hibernate.type.CurrencyType@7606bd03
2022-08-18 09:08:14.042 DEBUG 21132 --- [    Test worker] org.hibernate.type.BasicTypeRegistry     : Adding type registration timezone -> org.hibernate.type.TimeZoneType@537ca28e
2022-08-18 09:08:14.042 DEBUG 21132 --- [    Test worker] org.hibernate.type.BasicTypeRegistry     : Adding type registration java.util.TimeZone -> org.hibernate.type.TimeZoneType@537ca28e
2022-08-18 09:08:14.042 DEBUG 21132 --- [    Test worker] org.hibernate.type.BasicTypeRegistry     : Adding type registration class -> org.hibernate.type.ClassType@18907af2
2022-08-18 09:08:14.042 DEBUG 21132 --- [    Test worker] org.hibernate.type.BasicTypeRegistry     : Adding type registration java.lang.Class -> org.hibernate.type.ClassType@18907af2
2022-08-18 09:08:14.042 DEBUG 21132 --- [    Test worker] org.hibernate.type.BasicTypeRegistry     : Adding type registration uuid-binary -> org.hibernate.type.UUIDBinaryType@34fcd292
2022-08-18 09:08:14.042 DEBUG 21132 --- [    Test worker] org.hibernate.type.BasicTypeRegistry     : Adding type registration java.util.UUID -> org.hibernate.type.UUIDBinaryType@34fcd292
2022-08-18 09:08:14.042 DEBUG 21132 --- [    Test worker] org.hibernate.type.BasicTypeRegistry     : Adding type registration uuid-char -> org.hibernate.type.UUIDCharType@3957d88b
2022-08-18 09:08:14.042 DEBUG 21132 --- [    Test worker] org.hibernate.type.BasicTypeRegistry     : Adding type registration binary -> org.hibernate.type.BinaryType@5ce3409b
2022-08-18 09:08:14.042 DEBUG 21132 --- [    Test worker] org.hibernate.type.BasicTypeRegistry     : Adding type registration byte[] -> org.hibernate.type.BinaryType@5ce3409b
2022-08-18 09:08:14.042 DEBUG 21132 --- [    Test worker] org.hibernate.type.BasicTypeRegistry     : Adding type registration [B -> org.hibernate.type.BinaryType@5ce3409b
2022-08-18 09:08:14.042 DEBUG 21132 --- [    Test worker] org.hibernate.type.BasicTypeRegistry     : Adding type registration wrapper-binary -> org.hibernate.type.WrapperBinaryType@7e747037
2022-08-18 09:08:14.042 DEBUG 21132 --- [    Test worker] org.hibernate.type.BasicTypeRegistry     : Adding type registration Byte[] -> org.hibernate.type.WrapperBinaryType@7e747037
2022-08-18 09:08:14.042 DEBUG 21132 --- [    Test worker] org.hibernate.type.BasicTypeRegistry     : Adding type registration [Ljava.lang.Byte; -> org.hibernate.type.WrapperBinaryType@7e747037
2022-08-18 09:08:14.042 DEBUG 21132 --- [    Test worker] org.hibernate.type.BasicTypeRegistry     : Adding type registration row_version -> org.hibernate.type.RowVersionType@5c5a91b4
2022-08-18 09:08:14.042 DEBUG 21132 --- [    Test worker] org.hibernate.type.BasicTypeRegistry     : Adding type registration image -> org.hibernate.type.ImageType@2ba9f986
2022-08-18 09:08:14.042 DEBUG 21132 --- [    Test worker] org.hibernate.type.BasicTypeRegistry     : Adding type registration characters -> org.hibernate.type.CharArrayType@3302035b
2022-08-18 09:08:14.042 DEBUG 21132 --- [    Test worker] org.hibernate.type.BasicTypeRegistry     : Adding type registration char[] -> org.hibernate.type.CharArrayType@3302035b
2022-08-18 09:08:14.042 DEBUG 21132 --- [    Test worker] org.hibernate.type.BasicTypeRegistry     : Adding type registration [C -> org.hibernate.type.CharArrayType@3302035b
2022-08-18 09:08:14.042 DEBUG 21132 --- [    Test worker] org.hibernate.type.BasicTypeRegistry     : Adding type registration wrapper-characters -> org.hibernate.type.CharacterArrayType@21be14c2
2022-08-18 09:08:14.042 DEBUG 21132 --- [    Test worker] org.hibernate.type.BasicTypeRegistry     : Adding type registration [Ljava.lang.Character; -> org.hibernate.type.CharacterArrayType@21be14c2
2022-08-18 09:08:14.042 DEBUG 21132 --- [    Test worker] org.hibernate.type.BasicTypeRegistry     : Adding type registration Character[] -> org.hibernate.type.CharacterArrayType@21be14c2
2022-08-18 09:08:14.043 DEBUG 21132 --- [    Test worker] org.hibernate.type.BasicTypeRegistry     : Adding type registration text -> org.hibernate.type.TextType@7afe0e67
2022-08-18 09:08:14.043 DEBUG 21132 --- [    Test worker] org.hibernate.type.BasicTypeRegistry     : Adding type registration ntext -> org.hibernate.type.NTextType@28bf82d9
2022-08-18 09:08:14.043 DEBUG 21132 --- [    Test worker] org.hibernate.type.BasicTypeRegistry     : Adding type registration blob -> org.hibernate.type.BlobType@fe42a09
2022-08-18 09:08:14.043 DEBUG 21132 --- [    Test worker] org.hibernate.type.BasicTypeRegistry     : Adding type registration java.sql.Blob -> org.hibernate.type.BlobType@fe42a09
2022-08-18 09:08:14.043 DEBUG 21132 --- [    Test worker] org.hibernate.type.BasicTypeRegistry     : Adding type registration materialized_blob -> org.hibernate.type.MaterializedBlobType@25a290ee
2022-08-18 09:08:14.043 DEBUG 21132 --- [    Test worker] org.hibernate.type.BasicTypeRegistry     : Adding type registration clob -> org.hibernate.type.ClobType@632241f5
2022-08-18 09:08:14.043 DEBUG 21132 --- [    Test worker] org.hibernate.type.BasicTypeRegistry     : Adding type registration java.sql.Clob -> org.hibernate.type.ClobType@632241f5
2022-08-18 09:08:14.043 DEBUG 21132 --- [    Test worker] org.hibernate.type.BasicTypeRegistry     : Adding type registration nclob -> org.hibernate.type.NClobType@568f4faa
2022-08-18 09:08:14.043 DEBUG 21132 --- [    Test worker] org.hibernate.type.BasicTypeRegistry     : Adding type registration java.sql.NClob -> org.hibernate.type.NClobType@568f4faa
2022-08-18 09:08:14.043 DEBUG 21132 --- [    Test worker] org.hibernate.type.BasicTypeRegistry     : Adding type registration materialized_clob -> org.hibernate.type.MaterializedClobType@6f8667bb
2022-08-18 09:08:14.043 DEBUG 21132 --- [    Test worker] org.hibernate.type.BasicTypeRegistry     : Adding type registration materialized_nclob -> org.hibernate.type.MaterializedNClobType@7c5f29c6
2022-08-18 09:08:14.043 DEBUG 21132 --- [    Test worker] org.hibernate.type.BasicTypeRegistry     : Adding type registration serializable -> org.hibernate.type.SerializableType@5d767218
2022-08-18 09:08:14.043 DEBUG 21132 --- [    Test worker] org.hibernate.type.BasicTypeRegistry     : Adding type registration object -> org.hibernate.type.ObjectType@1247c72e
2022-08-18 09:08:14.043 DEBUG 21132 --- [    Test worker] org.hibernate.type.BasicTypeRegistry     : Adding type registration java.lang.Object -> org.hibernate.type.ObjectType@1247c72e
2022-08-18 09:08:14.043 DEBUG 21132 --- [    Test worker] org.hibernate.type.BasicTypeRegistry     : Adding type registration imm_date -> org.hibernate.type.AdaptedImmutableType@757501da
2022-08-18 09:08:14.043 DEBUG 21132 --- [    Test worker] org.hibernate.type.BasicTypeRegistry     : Adding type registration imm_time -> org.hibernate.type.AdaptedImmutableType@2b1aa390
2022-08-18 09:08:14.043 DEBUG 21132 --- [    Test worker] org.hibernate.type.BasicTypeRegistry     : Adding type registration imm_timestamp -> org.hibernate.type.AdaptedImmutableType@5e1d6ace
2022-08-18 09:08:14.043 DEBUG 21132 --- [    Test worker] org.hibernate.type.BasicTypeRegistry     : Adding type registration imm_dbtimestamp -> org.hibernate.type.AdaptedImmutableType@221c097f
2022-08-18 09:08:14.043 DEBUG 21132 --- [    Test worker] org.hibernate.type.BasicTypeRegistry     : Adding type registration imm_calendar -> org.hibernate.type.AdaptedImmutableType@7f3aa737
2022-08-18 09:08:14.043 DEBUG 21132 --- [    Test worker] org.hibernate.type.BasicTypeRegistry     : Adding type registration imm_calendar_date -> org.hibernate.type.AdaptedImmutableType@1428d63
2022-08-18 09:08:14.043 DEBUG 21132 --- [    Test worker] org.hibernate.type.BasicTypeRegistry     : Adding type registration imm_binary -> org.hibernate.type.AdaptedImmutableType@34bcdc9f
2022-08-18 09:08:14.043 DEBUG 21132 --- [    Test worker] org.hibernate.type.BasicTypeRegistry     : Adding type registration imm_serializable -> org.hibernate.type.AdaptedImmutableType@76296c86
2022-08-18 09:08:14.048  INFO 21132 --- [    Test worker] org.hibernate.dialect.Dialect            : HHH000400: Using dialect: org.hibernate.dialect.MySQL8Dialect
2022-08-18 09:08:14.051 DEBUG 21132 --- [    Test worker] o.h.type.spi.TypeConfiguration$Scope     : Scoping TypeConfiguration [org.hibernate.type.spi.TypeConfiguration@1bb6bc81] to MetadataBuildingContext [org.hibernate.boot.internal.MetadataBuildingContextRootImpl@26c6be2d]
2022-08-18 09:08:14.084 DEBUG 21132 --- [    Test worker] o.h.type.spi.TypeConfiguration$Scope     : Scoping TypeConfiguration [org.hibernate.type.spi.TypeConfiguration@1bb6bc81] to SessionFactoryImpl [org.hibernate.internal.SessionFactoryImpl@a885aa1]
2022-08-18 09:08:14.193  INFO 21132 --- [    Test worker] o.h.e.t.j.p.i.JtaPlatformInitiator       : HHH000490: Using JtaPlatform implementation: [org.hibernate.engine.transaction.jta.platform.internal.NoJtaPlatform]
2022-08-18 09:08:14.193 TRACE 21132 --- [    Test worker] o.h.type.spi.TypeConfiguration$Scope     : Handling #sessionFactoryCreated from [org.hibernate.internal.SessionFactoryImpl@a885aa1] for TypeConfiguration
2022-08-18 09:08:14.193  INFO 21132 --- [    Test worker] j.LocalContainerEntityManagerFactoryBean : Initialized JPA EntityManagerFactory for persistence unit 'default'
2022-08-18 09:08:14.221  WARN 21132 --- [    Test worker] JpaBaseConfiguration$JpaWebConfiguration : spring.jpa.open-in-view is enabled by default. Therefore, database queries may be performed during view rendering. Explicitly configure spring.jpa.open-in-view to disable this warning
2022-08-18 09:08:14.719  INFO 21132 --- [    Test worker] o.s.s.web.DefaultSecurityFilterChain     : Will secure any request with [org.springframework.security.web.session.DisableEncodeUrlFilter@7e1b96a7, org.springframework.security.web.context.request.async.WebAsyncManagerIntegrationFilter@65b51977, org.springframework.security.web.context.SecurityContextPersistenceFilter@2e2d7dc, org.springframework.security.web.header.HeaderWriterFilter@243c4ffe, org.springframework.security.web.csrf.CsrfFilter@16af0251, org.springframework.security.web.authentication.logout.LogoutFilter@3c8802cf, org.springframework.security.web.authentication.UsernamePasswordAuthenticationFilter@3c175d82, org.springframework.security.web.authentication.www.BasicAuthenticationFilter@133acad0, org.springframework.security.web.savedrequest.RequestCacheAwareFilter@d7b20d9, org.springframework.security.web.servletapi.SecurityContextHolderAwareRequestFilter@4b7ecd37, org.springframework.security.web.authentication.AnonymousAuthenticationFilter@63c8a30e, org.springframework.security.web.session.SessionManagementFilter@6c31ed81, org.springframework.security.web.access.ExceptionTranslationFilter@561b21b8, org.springframework.security.web.access.intercept.FilterSecurityInterceptor@5b9815b6]
2022-08-18 09:08:14.771  INFO 21132 --- [    Test worker] c.p.L.I.System.UserServiceTest           : Started UserServiceTest in 1.071 seconds (JVM running for 11.331)
Roles{roleId=1, roleName='admin'}
Roles{roleId=1, roleName='admin'}
2022-08-18 09:08:14.970 DEBUG 21132 --- [    Test worker] org.hibernate.SQL                        : 
    select
        roles0_.role_id as role_id1_5_,
        roles0_.role_name as role_nam2_5_ 
    from
        roles roles0_ 
    where
        roles0_.role_name=?
Hibernate: 
    select
        roles0_.role_id as role_id1_5_,
        roles0_.role_name as role_nam2_5_ 
    from
        roles roles0_ 
    where
        roles0_.role_name=?
2022-08-18 09:08:14.973 TRACE 21132 --- [    Test worker] o.h.type.descriptor.sql.BasicBinder      : binding parameter [1] as [VARCHAR] - [user]
2022-08-18 09:08:14.978 TRACE 21132 --- [    Test worker] o.h.type.descriptor.sql.BasicExtractor   : extracted value ([role_id1_5_] : [INTEGER]) - [2]
2022-08-18 09:08:14.983 TRACE 21132 --- [    Test worker] o.h.type.descriptor.sql.BasicExtractor   : extracted value ([role_nam2_5_] : [VARCHAR]) - [User]
Roles{roleId=1, roleName='admin'}
Roles{roleId=1, roleName='admin'}
]]></system-out>
  <system-err><![CDATA[]]></system-err>
</testsuite>
